22:11:11 **** Build of configuration Debug for project bonus ****
make all 
Building file: ../src/bonus.cpp
Invoking: Cross G++ Compiler
g++ -O0 -g3 -Wall -c -fmessage-length=0 -MMD -MP -MF"src/bonus.d" -MT"src/bonus.o" -o "src/bonus.o" "../src/bonus.cpp"
Finished building: ../src/bonus.cpp
 
Building target: bonus
Invoking: Cross G++ Linker
g++  -o "bonus"  ./src/bonus.o   
Finished building target: bonus
 
22:15:29 **** Incremental Build of configuration Debug for project bonus ****
make all 
Building file: ../src/bonus.cpp
Invoking: Cross G++ Compiler
g++ -O0 -g3 -Wall -c -fmessage-length=0 -MMD -MP -MF"src/bonus.d" -MT"src/bonus.o" -o "src/bonus.o" "../src/bonus.cpp"
Finished building: ../src/bonus.cpp
 
Building target: bonus
Invoking: Cross G++ Linker
g++  -o "bonus"  ./src/bonus.o   
Finished building target: bonus
 
22:16:30 **** Incremental Build of configuration Debug for project bonus ****
make all 
Building file: ../src/bonus.cpp
Invoking: Cross G++ Compiler
g++ -O0 -g3 -Wall -c -fmessage-length=0 -MMD -MP -MF"src/bonus.d" -MT"src/bonus.o" -o "src/bonus.o" "../src/bonus.cpp"
Finished building: ../src/bonus.cpp
 
Building target: bonus
Invoking: Cross G++ Linker
g++  -o "bonus"  ./src/bonus.o   
Finished building target: bonus
 
22:18:43 **** Incremental Build of configuration Debug for project bonus ****
make all 
Building file: ../src/bonus.cpp
Invoking: Cross G++ Compiler
g++ -O0 -g3 -Wall -c -fmessage-length=0 -MMD -MP -MF"src/bonus.d" -MT"src/bonus.o" -o "src/bonus.o" "../src/bonus.cpp"
Finished building: ../src/bonus.cpp
 
Building target: bonus
Invoking: Cross G++ Linker
g++  -o "bonus"  ./src/bonus.o   
Finished building target: bonus
 
22:25:27 **** Incremental Build of configuration Debug for project bonus ****
make all 
Building file: ../src/bonus.cpp
Invoking: Cross G++ Compiler
g++ -O0 -g3 -Wall -c -fmessage-length=0 -MMD -MP -MF"src/bonus.d" -MT"src/bonus.o" -o "src/bonus.o" "../src/bonus.cpp"
Finished building: ../src/bonus.cpp
 
Building target: bonus
Invoking: Cross G++ Linker
g++  -o "bonus"  ./src/bonus.o   
Finished building target: bonus
 
22:29:18 **** Incremental Build of configuration Debug for project bonus ****
make all 
Building file: ../src/bonus.cpp
Invoking: Cross G++ Compiler
g++ -O0 -g3 -Wall -c -fmessage-length=0 -MMD -MP -MF"src/bonus.d" -MT"src/bonus.o" -o "src/bonus.o" "../src/bonus.cpp"
Finished building: ../src/bonus.cpp
 
Building target: bonus
Invoking: Cross G++ Linker
g++  -o "bonus"  ./src/bonus.o   
Finished building target: bonus
 
22:33:49 **** Incremental Build of configuration Debug for project bonus ****
make all 
Building file: ../src/bonus.cpp
Invoking: Cross G++ Compiler
g++ -O0 -g3 -Wall -c -fmessage-length=0 -MMD -MP -MF"src/bonus.d" -MT"src/bonus.o" -o "src/bonus.o" "../src/bonus.cpp"
Finished building: ../src/bonus.cpp
 
Building target: bonus
Invoking: Cross G++ Linker
g++  -o "bonus"  ./src/bonus.o   
Finished building target: bonus
 
22:37:19 **** Incremental Build of configuration Debug for project bonus ****
make all 
Building file: ../src/bonus.cpp
Invoking: Cross G++ Compiler
g++ -O0 -g3 -Wall -c -fmessage-length=0 -MMD -MP -MF"src/bonus.d" -MT"src/bonus.o" -o "src/bonus.o" "../src/bonus.cpp"
Finished building: ../src/bonus.cpp
 
Building target: bonus
Invoking: Cross G++ Linker
g++  -o "bonus"  ./src/bonus.o   
Finished building target: bonus
 
22:39:37 **** Incremental Build of configuration Debug for project bonus ****
make all 
Building file: ../src/bonus.cpp
Invoking: Cross G++ Compiler
g++ -O0 -g3 -Wall -c -fmessage-length=0 -MMD -MP -MF"src/bonus.d" -MT"src/bonus.o" -o "src/bonus.o" "../src/bonus.cpp"
Finished building: ../src/bonus.cpp
 
Building target: bonus
Invoking: Cross G++ Linker
g++  -o "bonus"  ./src/bonus.o   
Finished building target: bonus
 
