19:14:20 **** Incremental Build of configuration Debug for project hit ****
make all 
Building target: hit
Invoking: Cross G++ Linker
g++  -o "hit"  ./src/hit.o   
./src/hit.o: In function `CORE::extLong::cmp(CORE::extLong const&) const':
/usr/local/include/CGAL/CORE/extLong.h:163: undefined reference to `CORE::core_error(std::string, std::string, int, bool)'
./src/hit.o: In function `CORE::operator+(CORE::extLong const&, CORE::extLong const&)':
/usr/local/include/CGAL/CORE/extLong.h:237: undefined reference to `CORE::extLong::operator+=(CORE::extLong const&)'
./src/hit.o: In function `CORE::operator-(CORE::extLong const&, CORE::extLong const&)':
/usr/local/include/CGAL/CORE/extLong.h:241: undefined reference to `CORE::extLong::operator-=(CORE::extLong const&)'
./src/hit.o: In function `CORE::operator*(CORE::extLong const&, CORE::extLong const&)':
/usr/local/include/CGAL/CORE/extLong.h:245: undefined reference to `CORE::extLong::operator*=(CORE::extLong const&)'
./src/hit.o: In function `CORE::get_static_AbortFlag()':
/usr/local/include/CGAL/CORE/CoreDefs.h:83: undefined reference to `CORE::AbortFlag'
./src/hit.o: In function `CORE::get_static_InvalidFlag()':
/usr/local/include/CGAL/CORE/CoreDefs.h:90: undefined reference to `CORE::InvalidFlag'
./src/hit.o: In function `CORE::get_static_EscapePrec()':
/usr/local/include/CGAL/CORE/CoreDefs.h:93: undefined reference to `CORE::EscapePrec'
./src/hit.o: In function `CORE::get_static_EscapePrecFlag()':
/usr/local/include/CGAL/CORE/CoreDefs.h:97: undefined reference to `CORE::EscapePrecFlag'
./src/hit.o: In function `CORE::get_static_EscapePrecWarning()':
/usr/local/include/CGAL/CORE/CoreDefs.h:102: undefined reference to `CORE::EscapePrecWarning'
./src/hit.o: In function `CORE::get_static_defRelPrec()':
/usr/local/include/CGAL/CORE/CoreDefs.h:108: undefined reference to `CORE::defRelPrec'
./src/hit.o: In function `CORE::get_static_defAbsPrec()':
/usr/local/include/CGAL/CORE/CoreDefs.h:110: undefined reference to `CORE::defAbsPrec'
./src/hit.o: In function `CORE::get_static_fpFilterFlag()':
/usr/local/include/CGAL/CORE/CoreDefs.h:146: undefined reference to `CORE::fpFilterFlag'
./src/hit.o: In function `CORE::get_static_progressiveEvalFlag()':
/usr/local/include/CGAL/CORE/CoreDefs.h:150: undefined reference to `CORE::progressiveEvalFlag'
./src/hit.o: In function `CORE::get_static_rationalReduceFlag()':
/usr/local/include/CGAL/CORE/CoreDefs.h:152: undefined reference to `CORE::rationalReduceFlag'
./src/hit.o: In function `CORE::get_static_defInitialProgressivePrec()':
/usr/local/include/CGAL/CORE/CoreDefs.h:154: undefined reference to `CORE::defInitialProgressivePrec'
./src/hit.o: In function `CORE::BigIntRep::BigIntRep()':
/usr/local/include/CGAL/CORE/BigInt.h:48: undefined reference to `__gmpz_init'
./src/hit.o: In function `CORE::BigIntRep::BigIntRep(CORE::BigIntRep const&)':
/usr/local/include/CGAL/CORE/BigInt.h:52: undefined reference to `__gmpz_init_set'
./src/hit.o: In function `CORE::BigIntRep::BigIntRep(int)':
/usr/local/include/CGAL/CORE/BigInt.h:61: undefined reference to `__gmpz_init_set_si'
./src/hit.o: In function `CORE::BigIntRep::BigIntRep(long)':
/usr/local/include/CGAL/CORE/BigInt.h:73: undefined reference to `__gmpz_init_set_si'
./src/hit.o: In function `CORE::BigIntRep::BigIntRep(unsigned long)':
/usr/local/include/CGAL/CORE/BigInt.h:76: undefined reference to `__gmpz_init_set_ui'
./src/hit.o: In function `CORE::BigIntRep::BigIntRep(__mpz_struct const*)':
/usr/local/include/CGAL/CORE/BigInt.h:91: undefined reference to `__gmpz_init_set'
./src/hit.o: In function `CORE::BigIntRep::~BigIntRep()':
/usr/local/include/CGAL/CORE/BigInt.h:94: undefined reference to `__gmpz_clear'
./src/hit.o: In function `CORE::BigInt::BigInt()':
/usr/local/include/CGAL/CORE/BigInt.h:116: undefined reference to `CORE::BigIntRep::operator new(unsigned long)'
/usr/local/include/CGAL/CORE/BigInt.h:116: undefined reference to `CORE::BigIntRep::operator delete(void*, unsigned long)'
./src/hit.o: In function `CORE::BigInt::BigInt(int)':
/usr/local/include/CGAL/CORE/BigInt.h:126: undefined reference to `CORE::BigIntRep::operator new(unsigned long)'
/usr/local/include/CGAL/CORE/BigInt.h:126: undefined reference to `CORE::BigIntRep::operator delete(void*, unsigned long)'
./src/hit.o: In function `CORE::BigInt::BigInt(long)':
/usr/local/include/CGAL/CORE/BigInt.h:130: undefined reference to `CORE::BigIntRep::operator new(unsigned long)'
/usr/local/include/CGAL/CORE/BigInt.h:130: undefined reference to `CORE::BigIntRep::operator delete(void*, unsigned long)'
./src/hit.o: In function `CORE::BigInt::BigInt(unsigned long)':
/usr/local/include/CGAL/CORE/BigInt.h:132: undefined reference to `CORE::BigIntRep::operator new(unsigned long)'
/usr/local/include/CGAL/CORE/BigInt.h:132: undefined reference to `CORE::BigIntRep::operator delete(void*, unsigned long)'
./src/hit.o: In function `CORE::BigInt::BigInt(__mpz_struct const*)':
/usr/local/include/CGAL/CORE/BigInt.h:142: undefined reference to `CORE::BigIntRep::operator new(unsigned long)'
/usr/local/include/CGAL/CORE/BigInt.h:142: undefined reference to `CORE::BigIntRep::operator delete(void*, unsigned long)'
./src/hit.o: In function `CORE::BigInt::operator-() const':
/usr/local/include/CGAL/CORE/BigInt.h:227: undefined reference to `__gmpz_neg'
./src/hit.o: In function `CORE::BigInt::get_str(int) const':
/usr/local/include/CGAL/CORE/BigInt.h:277: undefined reference to `__gmpz_sizeinbase'
/usr/local/include/CGAL/CORE/BigInt.h:279: undefined reference to `__gmpz_get_str'
./src/hit.o: In function `CORE::BigInt::longValue() const':
/usr/local/include/CGAL/CORE/BigInt.h:294: undefined reference to `__gmpz_get_si'
./src/hit.o: In function `CORE::BigInt::doubleValue() const':
/usr/local/include/CGAL/CORE/BigInt.h:302: undefined reference to `__gmpz_get_d'
./src/hit.o: In function `CORE::operator+(CORE::BigInt const&, CORE::BigInt const&)':
/usr/local/include/CGAL/CORE/BigInt.h:309: undefined reference to `__gmpz_add'
./src/hit.o: In function `CORE::operator-(CORE::BigInt const&, CORE::BigInt const&)':
/usr/local/include/CGAL/CORE/BigInt.h:314: undefined reference to `__gmpz_sub'
./src/hit.o: In function `CORE::operator<<(CORE::BigInt const&, unsigned long)':
/usr/local/include/CGAL/CORE/BigInt.h:349: undefined reference to `__gmpz_mul_2exp'
./src/hit.o: In function `CORE::operator>>(CORE::BigInt const&, unsigned long)':
/usr/local/include/CGAL/CORE/BigInt.h:354: undefined reference to `__gmpz_tdiv_q_2exp'
./src/hit.o: In function `CORE::cmp(CORE::BigInt const&, CORE::BigInt const&)':
/usr/local/include/CGAL/CORE/BigInt.h:359: undefined reference to `__gmpz_cmp'
./src/hit.o: In function `CORE::operator<<(std::ostream&, CORE::BigInt const&)':
/usr/local/include/CGAL/CORE/BigInt.h:382: undefined reference to `CORE::io_write(std::ostream&, __mpz_struct const*)'
./src/hit.o: In function `CORE::abs(CORE::BigInt const&)':
/usr/local/include/CGAL/CORE/BigInt.h:397: undefined reference to `__gmpz_abs'
./src/hit.o: In function `CORE::getBinExpo(CORE::BigInt const&)':
/usr/local/include/CGAL/CORE/BigInt.h:453: undefined reference to `__gmpz_scan1'
./src/hit.o: In function `CORE::getKaryExpo(CORE::BigInt const&, CORE::BigInt&, int&, unsigned long)':
/usr/local/include/CGAL/CORE/BigInt.h:458: undefined reference to `__gmpz_init_set_ui'
/usr/local/include/CGAL/CORE/BigInt.h:460: undefined reference to `__gmpz_remove'
/usr/local/include/CGAL/CORE/BigInt.h:461: undefined reference to `__gmpz_clear'
./src/hit.o: In function `CORE::bitLength(CORE::BigInt const&)':
/usr/local/include/CGAL/CORE/BigInt.h:521: undefined reference to `__gmpz_sizeinbase'
./src/hit.o: In function `CORE::ceilLg(CORE::BigInt const&)':
/usr/local/include/CGAL/CORE/BigInt.h:538: undefined reference to `__gmpz_scan1'
./src/hit.o: In function `CORE::BigRatRep::BigRatRep()':
/usr/local/include/CGAL/CORE/BigRat.h:45: undefined reference to `__gmpq_init'
./src/hit.o: In function `CORE::BigRatRep::BigRatRep(int)':
/usr/local/include/CGAL/CORE/BigRat.h:61: undefined reference to `__gmpq_init'
/usr/local/include/CGAL/CORE/BigRat.h:62: undefined reference to `__gmpq_set_si'
./src/hit.o: In function `CORE::BigRatRep::BigRatRep(long)':
/usr/local/include/CGAL/CORE/BigRat.h:77: undefined reference to `__gmpq_init'
/usr/local/include/CGAL/CORE/BigRat.h:78: undefined reference to `__gmpq_set_si'
./src/hit.o: In function `CORE::BigRatRep::BigRatRep(__mpz_struct const*)':
/usr/local/include/CGAL/CORE/BigRat.h:105: undefined reference to `__gmpq_init'
/usr/local/include/CGAL/CORE/BigRat.h:106: undefined reference to `__gmpq_set_z'
./src/hit.o: In function `CORE::BigRatRep::BigRatRep(__mpz_struct const*, __mpz_struct const*)':
/usr/local/include/CGAL/CORE/BigRat.h:109: undefined reference to `__gmpq_init'
/usr/local/include/CGAL/CORE/BigRat.h:110: undefined reference to `__gmpz_set'
/usr/local/include/CGAL/CORE/BigRat.h:111: undefined reference to `__gmpz_set'
/usr/local/include/CGAL/CORE/BigRat.h:112: undefined reference to `__gmpq_canonicalize'
./src/hit.o: In function `CORE::BigRatRep::~BigRatRep()':
/usr/local/include/CGAL/CORE/BigRat.h:115: undefined reference to `__gmpq_clear'
./src/hit.o: In function `CORE::BigRat::BigRat()':
/usr/local/include/CGAL/CORE/BigRat.h:139: undefined reference to `CORE::BigRatRep::operator new(unsigned long)'
/usr/local/include/CGAL/CORE/BigRat.h:139: undefined reference to `CORE::BigRatRep::operator delete(void*, unsigned long)'
./src/hit.o: In function `CORE::BigRat::BigRat(int)':
/usr/local/include/CGAL/CORE/BigRat.h:149: undefined reference to `CORE::BigRatRep::operator new(unsigned long)'
/usr/local/include/CGAL/CORE/BigRat.h:149: undefined reference to `CORE::BigRatRep::operator delete(void*, unsigned long)'
./src/hit.o: In function `CORE::BigRat::BigRat(long)':
/usr/local/include/CGAL/CORE/BigRat.h:153: undefined reference to `CORE::BigRatRep::operator new(unsigned long)'
/usr/local/include/CGAL/CORE/BigRat.h:153: undefined reference to `CORE::BigRatRep::operator delete(void*, unsigned long)'
./src/hit.o: In function `CORE::BigRat::BigRat(CORE::BigInt const&)':
/usr/local/include/CGAL/CORE/BigRat.h:167: undefined reference to `CORE::BigRatRep::operator new(unsigned long)'
/usr/local/include/CGAL/CORE/BigRat.h:167: undefined reference to `CORE::BigRatRep::operator delete(void*, unsigned long)'
./src/hit.o: In function `CORE::BigRat::BigRat(CORE::BigInt const&, CORE::BigInt const&)':
/usr/local/include/CGAL/CORE/BigRat.h:170: undefined reference to `CORE::BigRatRep::operator new(unsigned long)'
/usr/local/include/CGAL/CORE/BigRat.h:170: undefined reference to `CORE::BigRatRep::operator delete(void*, unsigned long)'
./src/hit.o: In function `CORE::BigRat::operator-() const':
/usr/local/include/CGAL/CORE/BigRat.h:244: undefined reference to `__gmpq_neg'
./src/hit.o: In function `CORE::BigRat::get_str(int) const':
/usr/local/include/CGAL/CORE/BigRat.h:317: undefined reference to `__gmpz_sizeinbase'
/usr/local/include/CGAL/CORE/BigRat.h:317: undefined reference to `__gmpz_sizeinbase'
/usr/local/include/CGAL/CORE/BigRat.h:319: undefined reference to `__gmpq_get_str'
./src/hit.o: In function `CORE::BigRat::doubleValue() const':
/usr/local/include/CGAL/CORE/BigRat.h:338: undefined reference to `__gmpq_get_d'
./src/hit.o: In function `CORE::BigRat::BigIntValue() const':
/usr/local/include/CGAL/CORE/BigRat.h:343: undefined reference to `__gmpz_tdiv_q'
./src/hit.o: In function `CORE::operator+(CORE::BigRat const&, CORE::BigRat const&)':
/usr/local/include/CGAL/CORE/BigRat.h:351: undefined reference to `__gmpq_add'
./src/hit.o: In function `CORE::operator-(CORE::BigRat const&, CORE::BigRat const&)':
/usr/local/include/CGAL/CORE/BigRat.h:356: undefined reference to `__gmpq_sub'
./src/hit.o: In function `CORE::cmp(CORE::BigRat const&, CORE::BigRat const&)':
/usr/local/include/CGAL/CORE/BigRat.h:424: undefined reference to `__gmpq_cmp'
./src/hit.o: In function `CORE::operator<<(std::ostream&, CORE::BigRat const&)':
/usr/local/include/CGAL/CORE/BigRat.h:447: undefined reference to `CORE::io_write(std::ostream&, __mpq_struct const*)'
./src/hit.o: In function `CORE::BigFloatRep::approx(CORE::BigRat const&, CORE::extLong const&, CORE::extLong const&)':
/usr/local/include/CGAL/CORE/BigFloatRep.h:303: undefined reference to `CORE::BigFloatRep::div(CORE::BigInt const&, CORE::BigInt const&, CORE::extLong const&, CORE::extLong const&)'
./src/hit.o: In function `CORE::BigFloatRep::lMSB() const':
/usr/local/include/CGAL/CORE/BigFloatRep.h:328: undefined reference to `CORE::extLong::getNegInfty()'
./src/hit.o: In function `CORE::BigFloatRep::MSB() const':
/usr/local/include/CGAL/CORE/BigFloatRep.h:344: undefined reference to `CORE::extLong::getNegInfty()'
./src/hit.o: In function `CORE::BigFloatRep::flrLgErr() const':
/usr/local/include/CGAL/CORE/BigFloatRep.h:349: undefined reference to `CORE::flrLg(unsigned long)'
/usr/local/include/CGAL/CORE/BigFloatRep.h:351: undefined reference to `CORE::extLong::getNegInfty()'
./src/hit.o: In function `CORE::BigFloatRep::clLgErr() const':
/usr/local/include/CGAL/CORE/BigFloatRep.h:356: undefined reference to `CORE::clLg(unsigned long)'
/usr/local/include/CGAL/CORE/BigFloatRep.h:358: undefined reference to `CORE::extLong::getNegInfty()'
./src/hit.o: In function `CORE::BigFloatRep::operator<<(std::ostream&) const':
/usr/local/include/CGAL/CORE/BigFloatRep.h:411: undefined reference to `CORE::BigFloatRep::toDecimal(unsigned int, bool) const'
./src/hit.o: In function `CORE::BigFloatRep::toString(long, bool) const':
/usr/local/include/CGAL/CORE/BigFloatRep.h:424: undefined reference to `CORE::BigFloatRep::toDecimal(unsigned int, bool) const'
./src/hit.o: In function `CORE::BigFloat::BigFloat()':
/usr/local/include/CGAL/CORE/BigFloat.h:54: undefined reference to `CORE::BigFloatRep::operator new(unsigned long)'
/usr/local/include/CGAL/CORE/BigFloat.h:54: undefined reference to `CORE::BigFloatRep::operator delete(void*, unsigned long)'
./src/hit.o: In function `CORE::BigFloat::BigFloat(long)':
/usr/local/include/CGAL/CORE/BigFloat.h:62: undefined reference to `CORE::BigFloatRep::operator new(unsigned long)'
/usr/local/include/CGAL/CORE/BigFloat.h:62: undefined reference to `CORE::BigFloatRep::operator delete(void*, unsigned long)'
./src/hit.o: In function `CORE::BigFloat::BigFloat(CORE::BigInt const&, unsigned long, long)':
/usr/local/include/CGAL/CORE/BigFloat.h:80: undefined reference to `CORE::BigFloatRep::operator new(unsigned long)'
./src/hit.o: In function `CORE::BigFloat::BigFloat(CORE::BigInt const&)':
/usr/local/include/CGAL/CORE/BigFloat.h:85: undefined reference to `CORE::BigFloatRep::operator new(unsigned long)'
./src/hit.o: In function `CORE::BigFloat::BigFloat(CORE::BigRat const&, CORE::extLong const&, CORE::extLong const&)':
/usr/local/include/CGAL/CORE/BigFloat.h:89: undefined reference to `CORE::BigFloatRep::operator new(unsigned long)'
/usr/local/include/CGAL/CORE/BigFloat.h:89: undefined reference to `CORE::BigFloatRep::operator delete(void*, unsigned long)'
./src/hit.o: In function `CORE::BigFloat::longValue() const':
/usr/local/include/CGAL/CORE/BigFloat.h:206: undefined reference to `CORE::BigFloatRep::toLong() const'
./src/hit.o: In function `CORE::BigFloat::doubleValue() const':
/usr/local/include/CGAL/CORE/BigFloat.h:221: undefined reference to `CORE::BigFloatRep::toDouble() const'
./src/hit.o: In function `CORE::BigFloat::BigIntValue() const':
/usr/local/include/CGAL/CORE/BigFloat.h:225: undefined reference to `CORE::BigFloatRep::toBigInt() const'
./src/hit.o: In function `CORE::BigFloat::sign() const':
/usr/local/include/CGAL/CORE/BigFloat.h:250: undefined reference to `CGAL::assertion_fail(char const*, char const*, int, char const*)'
./src/hit.o: In function `CORE::BigFloat::cmp(CORE::BigFloat const&) const':
/usr/local/include/CGAL/CORE/BigFloat.h:264: undefined reference to `CORE::BigFloatRep::compareMExp(CORE::BigFloatRep const&) const'
./src/hit.o: In function `CORE::BigFloat::sqrt(CORE::extLong const&) const':
/usr/local/include/CGAL/CORE/BigFloat.h:354: undefined reference to `CORE::BigFloatRep::sqrt(CORE::BigFloatRep const&, CORE::extLong const&)'
./src/hit.o: In function `CORE::BigFloat::sqrt(CORE::extLong const&, CORE::BigFloat const&) const':
/usr/local/include/CGAL/CORE/BigFloat.h:360: undefined reference to `CORE::BigFloatRep::sqrt(CORE::BigFloatRep const&, CORE::extLong const&, CORE::BigFloat const&)'
./src/hit.o: In function `CORE::BigFloat::approx(CORE::BigInt const&, CORE::extLong const&, CORE::extLong const&)':
/usr/local/include/CGAL/CORE/BigFloat.h:370: undefined reference to `CORE::BigFloatRep::trunc(CORE::BigInt const&, CORE::extLong const&, CORE::extLong const&)'
./src/hit.o: In function `CORE::BigFloat::approx(CORE::BigFloat const&, CORE::extLong const&, CORE::extLong const&)':
/usr/local/include/CGAL/CORE/BigFloat.h:375: undefined reference to `CORE::BigFloatRep::approx(CORE::BigFloatRep const&, CORE::extLong const&, CORE::extLong const&)'
./src/hit.o: In function `CORE::operator+(CORE::BigFloat const&, CORE::BigFloat const&)':
/usr/local/include/CGAL/CORE/BigFloat.h:421: undefined reference to `CORE::BigFloatRep::add(CORE::BigFloatRep const&, CORE::BigFloatRep const&)'
./src/hit.o: In function `CORE::operator-(CORE::BigFloat const&, CORE::BigFloat const&)':
/usr/local/include/CGAL/CORE/BigFloat.h:427: undefined reference to `CORE::BigFloatRep::sub(CORE::BigFloatRep const&, CORE::BigFloatRep const&)'
./src/hit.o: In function `CORE::Realbase_for<long>::Realbase_for(long const&)':
/usr/local/include/CGAL/CORE/RealRep.h:172: undefined reference to `CORE::flrLg(long)'
/usr/local/include/CGAL/CORE/RealRep.h:172: undefined reference to `CORE::extLong::getNegInfty()'
./src/hit.o: In function `CORE::Realbase_for<CORE::BigInt>::Realbase_for(CORE::BigInt const&)':
/usr/local/include/CGAL/CORE/RealRep.h:180: undefined reference to `CORE::extLong::getNegInfty()'
./src/hit.o: In function `CORE::Realbase_for<long>::ULV_E(CORE::extLong&, CORE::extLong&, CORE::extLong&, CORE::extLong&, CORE::extLong&, CORE::extLong&) const':
/usr/local/include/CGAL/CORE/RealRep.h:335: undefined reference to `CORE::clLg(unsigned long)'
./src/hit.o: In function `CORE::Realbase_for<long>::length() const':
/usr/local/include/CGAL/CORE/RealRep.h:420: undefined reference to `CORE::clLg(long)'
./src/hit.o: In function `CORE::Realbase_for<long>::height() const':
/usr/local/include/CGAL/CORE/RealRep.h:425: undefined reference to `CORE::clLg(long)'
./src/hit.o: In function `CORE::Real::Real(long)':
/usr/local/include/CGAL/CORE/Real.h:51: undefined reference to `CORE::Realbase_for<long>::operator new(unsigned long)'
/usr/local/include/CGAL/CORE/Real.h:51: undefined reference to `CORE::Realbase_for<long>::operator delete(void*, unsigned long)'
./src/hit.o: In function `CORE::Real::Real(CORE::BigInt const&)':
/usr/local/include/CGAL/CORE/Real.h:57: undefined reference to `CORE::Realbase_for<CORE::BigInt>::operator new(unsigned long)'
/usr/local/include/CGAL/CORE/Real.h:57: undefined reference to `CORE::Realbase_for<CORE::BigInt>::operator delete(void*, unsigned long)'
./src/hit.o: In function `CORE::Real::Real(CORE::BigRat const&)':
/usr/local/include/CGAL/CORE/Real.h:58: undefined reference to `CORE::Realbase_for<CORE::BigRat>::operator new(unsigned long)'
/usr/local/include/CGAL/CORE/Real.h:58: undefined reference to `CORE::Realbase_for<CORE::BigRat>::operator delete(void*, unsigned long)'
./src/hit.o: In function `CORE::Real::Real(CORE::BigFloat const&)':
/usr/local/include/CGAL/CORE/Real.h:59: undefined reference to `CORE::Realbase_for<CORE::BigFloat>::operator new(unsigned long)'
/usr/local/include/CGAL/CORE/Real.h:59: undefined reference to `CORE::Realbase_for<CORE::BigFloat>::operator delete(void*, unsigned long)'
./src/hit.o: In function `CORE::filteredFp::operator/(CORE::filteredFp const&) const':
/usr/local/include/CGAL/CORE/Filter.h:156: undefined reference to `CORE::core_error(std::string, std::string, int, bool)'
./src/hit.o: In function `CORE::filteredFp::sqrt() const':
/usr/local/include/CGAL/CORE/Filter.h:168: undefined reference to `CORE::core_error(std::string, std::string, int, bool)'
./src/hit.o: In function `CORE::ConstRep::ConstRep()':
/usr/local/include/CGAL/CORE/ExprRep.h:473: undefined reference to `CORE::ExprRep::ExprRep()'
/usr/local/include/CGAL/CORE/ExprRep.h:473: undefined reference to `vtable for CORE::ConstRep'
./src/hit.o: In function `CORE::ConstRep::~ConstRep()':
/usr/local/include/CGAL/CORE/ExprRep.h:475: undefined reference to `vtable for CORE::ConstRep'
./src/hit.o: In function `CORE::ConstDoubleRep::ConstDoubleRep()':
/usr/local/include/CGAL/CORE/ExprRep.h:512: undefined reference to `vtable for CORE::ConstDoubleRep'
./src/hit.o: In function `CORE::ConstDoubleRep::ConstDoubleRep(double)':
/usr/local/include/CGAL/CORE/ExprRep.h:514: undefined reference to `vtable for CORE::ConstDoubleRep'
./src/hit.o: In function `CORE::UnaryOpRep::UnaryOpRep(CORE::ExprRep*)':
/usr/local/include/CGAL/CORE/ExprRep.h:717: undefined reference to `CORE::ExprRep::ExprRep()'
/usr/local/include/CGAL/CORE/ExprRep.h:717: undefined reference to `vtable for CORE::UnaryOpRep'
./src/hit.o: In function `CORE::UnaryOpRep::~UnaryOpRep()':
/usr/local/include/CGAL/CORE/ExprRep.h:721: undefined reference to `vtable for CORE::UnaryOpRep'
./src/hit.o: In function `CORE::NegRep::NegRep(CORE::ExprRep*)':
/usr/local/include/CGAL/CORE/ExprRep.h:752: undefined reference to `vtable for CORE::NegRep'
./src/hit.o: In function `CORE::SqrtRep::SqrtRep(CORE::ExprRep*)':
/usr/local/include/CGAL/CORE/ExprRep.h:783: undefined reference to `vtable for CORE::SqrtRep'
./src/hit.o: In function `CORE::BinOpRep::BinOpRep(CORE::ExprRep*, CORE::ExprRep*)':
/usr/local/include/CGAL/CORE/ExprRep.h:814: undefined reference to `CORE::ExprRep::ExprRep()'
/usr/local/include/CGAL/CORE/ExprRep.h:814: undefined reference to `vtable for CORE::BinOpRep'
./src/hit.o: In function `CORE::BinOpRep::~BinOpRep()':
/usr/local/include/CGAL/CORE/ExprRep.h:819: undefined reference to `vtable for CORE::BinOpRep'
./src/hit.o: In function `CORE::MultRep::MultRep(CORE::ExprRep*, CORE::ExprRep*)':
/usr/local/include/CGAL/CORE/ExprRep.h:1254: undefined reference to `vtable for CORE::MultRep'
./src/hit.o: In function `CORE::DivRep::DivRep(CORE::ExprRep*, CORE::ExprRep*)':
/usr/local/include/CGAL/CORE/ExprRep.h:1281: undefined reference to `vtable for CORE::DivRep'
./src/hit.o: In function `CORE::ExprRep::getExactSign()':
/usr/local/include/CGAL/CORE/ExprRep.h:1307: undefined reference to `CORE::ExprRep::degreeBound()'
./src/hit.o: In function `CORE::Expr::Expr()':
/usr/local/include/CGAL/CORE/Expr.h:60: undefined reference to `CORE::ConstDoubleRep::operator new(unsigned long)'
/usr/local/include/CGAL/CORE/Expr.h:60: undefined reference to `CORE::ConstDoubleRep::operator delete(void*, unsigned long)'
./src/hit.o: In function `CORE::Expr::Expr(int)':
/usr/local/include/CGAL/CORE/Expr.h:62: undefined reference to `CORE::ConstDoubleRep::operator new(unsigned long)'
/usr/local/include/CGAL/CORE/Expr.h:62: undefined reference to `CORE::ConstDoubleRep::operator delete(void*, unsigned long)'
./src/hit.o: In function `CORE::Expr::operator-() const':
/usr/local/include/CGAL/CORE/Expr.h:204: undefined reference to `CORE::NegRep::operator new(unsigned long)'
/usr/local/include/CGAL/CORE/Expr.h:204: undefined reference to `CORE::NegRep::operator delete(void*, unsigned long)'
./src/hit.o: In function `CORE::Expr::approx(CORE::extLong const&, CORE::extLong const&) const':
/usr/local/include/CGAL/CORE/Expr.h:292: undefined reference to `CORE::ExprRep::getAppValue(CORE::extLong const&, CORE::extLong const&)'
./src/hit.o: In function `CORE::operator+(CORE::Expr const&, CORE::Expr const&)':
/usr/local/include/CGAL/CORE/Expr.h:376: undefined reference to `CORE::AddSubRep<CORE::Add>::operator new(unsigned long)'
/usr/local/include/CGAL/CORE/Expr.h:376: undefined reference to `CORE::AddSubRep<CORE::Add>::operator delete(void*, unsigned long)'
./src/hit.o: In function `CORE::operator-(CORE::Expr const&, CORE::Expr const&)':
/usr/local/include/CGAL/CORE/Expr.h:380: undefined reference to `CORE::AddSubRep<CORE::Sub>::operator new(unsigned long)'
/usr/local/include/CGAL/CORE/Expr.h:380: undefined reference to `CORE::AddSubRep<CORE::Sub>::operator delete(void*, unsigned long)'
./src/hit.o: In function `CORE::operator*(CORE::Expr const&, CORE::Expr const&)':
/usr/local/include/CGAL/CORE/Expr.h:384: undefined reference to `CORE::MultRep::operator new(unsigned long)'
/usr/local/include/CGAL/CORE/Expr.h:384: undefined reference to `CORE::MultRep::operator delete(void*, unsigned long)'
./src/hit.o: In function `CORE::operator/(CORE::Expr const&, CORE::Expr const&)':
/usr/local/include/CGAL/CORE/Expr.h:394: undefined reference to `CORE::DivRep::operator new(unsigned long)'
/usr/local/include/CGAL/CORE/Expr.h:394: undefined reference to `CORE::DivRep::operator delete(void*, unsigned long)'
./src/hit.o: In function `CORE::sqrt(CORE::Expr const&)':
/usr/local/include/CGAL/CORE/Expr.h:497: undefined reference to `CORE::SqrtRep::operator new(unsigned long)'
/usr/local/include/CGAL/CORE/Expr.h:497: undefined reference to `CORE::SqrtRep::operator delete(void*, unsigned long)'
./src/hit.o: In function `CORE::RCRepImpl<CORE::BigIntRep>::decRef()':
/usr/local/include/CGAL/CORE/RefCount.h:74: undefined reference to `CORE::BigIntRep::operator delete(void*, unsigned long)'
./src/hit.o: In function `CORE::RCImpl<CORE::BigIntRep>::makeCopy()':
/usr/local/include/CGAL/CORE/RefCount.h:105: undefined reference to `CORE::BigIntRep::operator new(unsigned long)'
/usr/local/include/CGAL/CORE/RefCount.h:105: undefined reference to `CORE::BigIntRep::operator delete(void*, unsigned long)'
./src/hit.o: In function `CORE::RCRepImpl<CORE::BigRatRep>::decRef()':
/usr/local/include/CGAL/CORE/RefCount.h:74: undefined reference to `CORE::BigRatRep::operator delete(void*, unsigned long)'
./src/hit.o: In function `CORE::RCRepImpl<CORE::BigFloatRep>::decRef()':
/usr/local/include/CGAL/CORE/RefCount.h:74: undefined reference to `CORE::BigFloatRep::operator delete(void*, unsigned long)'
./src/hit.o: In function `CORE::RCImpl<CORE::BigFloatRep>::makeCopy()':
/usr/local/include/CGAL/CORE/RefCount.h:105: undefined reference to `CORE::BigFloatRep::operator new(unsigned long)'
./src/hit.o: In function `CORE::_real_binary_op<CORE::_real_add>::eval(CORE::RealRep const&, CORE::RealRep const&)':
/usr/local/include/CGAL/CORE/Real.h:333: undefined reference to `CORE::extLong::operator-() const'
/usr/local/include/CGAL/CORE/Real.h:333: undefined reference to `CORE::extLong::getPosInfty()'
/usr/local/include/CGAL/CORE/Real.h:337: undefined reference to `CORE::extLong::operator-() const'
/usr/local/include/CGAL/CORE/Real.h:337: undefined reference to `CORE::extLong::getPosInfty()'
./src/hit.o: In function `CORE::_real_binary_op<CORE::_real_sub>::eval(CORE::RealRep const&, CORE::RealRep const&)':
/usr/local/include/CGAL/CORE/Real.h:333: undefined reference to `CORE::extLong::operator-() const'
/usr/local/include/CGAL/CORE/Real.h:333: undefined reference to `CORE::extLong::getPosInfty()'
/usr/local/include/CGAL/CORE/Real.h:337: undefined reference to `CORE::extLong::operator-() const'
/usr/local/include/CGAL/CORE/Real.h:337: undefined reference to `CORE::extLong::getPosInfty()'
./src/hit.o: In function `CORE::AddSubRep<CORE::Sub>::~AddSubRep()':
/usr/local/include/CGAL/CORE/ExprRep.h:910: undefined reference to `CORE::AddSubRep<CORE::Sub>::operator delete(void*, unsigned long)'
./src/hit.o: In function `CORE::AddSubRep<CORE::Sub>::~AddSubRep()':
/usr/local/include/CGAL/CORE/ExprRep.h:910: undefined reference to `CORE::AddSubRep<CORE::Sub>::operator delete(void*, unsigned long)'
./src/hit.o: In function `CGAL::Interval_nt<false>::Test_runtime_rounding_modes::Test_runtime_rounding_modes()':
/usr/local/include/CGAL/Interval_nt.h:208: undefined reference to `CGAL::assertion_fail(char const*, char const*, int, char const*)'
/usr/local/include/CGAL/Interval_nt.h:210: undefined reference to `CGAL::assertion_fail(char const*, char const*, int, char const*)'
./src/hit.o: In function `CGAL::Interval_nt<true>::Test_runtime_rounding_modes::Test_runtime_rounding_modes()':
/usr/local/include/CGAL/Interval_nt.h:208: undefined reference to `CGAL::assertion_fail(char const*, char const*, int, char const*)'
/usr/local/include/CGAL/Interval_nt.h:210: undefined reference to `CGAL::assertion_fail(char const*, char const*, int, char const*)'
./src/hit.o:(.rodata._ZTVN4CORE9AddSubRepINS_3SubEEE[_ZTVN4CORE9AddSubRepINS_3SubEEE]+0x20): undefined reference to `CORE::BinOpRep::debugList(int, int) const'
./src/hit.o:(.rodata._ZTVN4CORE9AddSubRepINS_3SubEEE[_ZTVN4CORE9AddSubRepINS_3SubEEE]+0x28): undefined reference to `CORE::BinOpRep::debugTree(int, int, int) const'
./src/hit.o:(.rodata._ZTVN4CORE9AddSubRepINS_3SubEEE[_ZTVN4CORE9AddSubRepINS_3SubEEE]+0x30): undefined reference to `CORE::BinOpRep::initNodeInfo()'
./src/hit.o:(.rodata._ZTVN4CORE9AddSubRepINS_3SubEEE[_ZTVN4CORE9AddSubRepINS_3SubEEE]+0x50): undefined reference to `CORE::BinOpRep::count()'
./src/hit.o:(.rodata._ZTVN4CORE9AddSubRepINS_3SubEEE[_ZTVN4CORE9AddSubRepINS_3SubEEE]+0x58): undefined reference to `CORE::BinOpRep::clearFlag()'
./src/hit.o:(.rodata._ZTVN4CORE9AddSubRepINS_3AddEEE[_ZTVN4CORE9AddSubRepINS_3AddEEE]+0x20): undefined reference to `CORE::BinOpRep::debugList(int, int) const'
./src/hit.o:(.rodata._ZTVN4CORE9AddSubRepINS_3AddEEE[_ZTVN4CORE9AddSubRepINS_3AddEEE]+0x28): undefined reference to `CORE::BinOpRep::debugTree(int, int, int) const'
./src/hit.o:(.rodata._ZTVN4CORE9AddSubRepINS_3AddEEE[_ZTVN4CORE9AddSubRepINS_3AddEEE]+0x30): undefined reference to `CORE::BinOpRep::initNodeInfo()'
./src/hit.o:(.rodata._ZTVN4CORE9AddSubRepINS_3AddEEE[_ZTVN4CORE9AddSubRepINS_3AddEEE]+0x50): undefined reference to `CORE::BinOpRep::count()'
./src/hit.o:(.rodata._ZTVN4CORE9AddSubRepINS_3AddEEE[_ZTVN4CORE9AddSubRepINS_3AddEEE]+0x58): undefined reference to `CORE::BinOpRep::clearFlag()'
./src/hit.o:(.rodata._ZTIN4CORE9AddSubRepINS_3SubEEE[_ZTIN4CORE9AddSubRepINS_3SubEEE]+0x10): undefined reference to `typeinfo for CORE::BinOpRep'
./src/hit.o:(.rodata._ZTIN4CORE9AddSubRepINS_3AddEEE[_ZTIN4CORE9AddSubRepINS_3AddEEE]+0x10): undefined reference to `typeinfo for CORE::BinOpRep'
./src/hit.o: In function `CORE::AddSubRep<CORE::Sub>::computeExactFlags()':
/usr/local/include/CGAL/CORE/ExprRep.h:946: undefined reference to `CORE::ExprRep::reduceToZero()'
/usr/local/include/CGAL/CORE/ExprRep.h:949: undefined reference to `CORE::ExprRep::reduceTo(CORE::ExprRep const*)'
/usr/local/include/CGAL/CORE/ExprRep.h:956: undefined reference to `CORE::ExprRep::reduceTo(CORE::ExprRep const*)'
/usr/local/include/CGAL/CORE/ExprRep.h:963: undefined reference to `CORE::ExprRep::reduceToBigRat(CORE::BigRat const&)'
/usr/local/include/CGAL/CORE/ExprRep.h:991: undefined reference to `CORE::extLong::getPosInfty()'
/usr/local/include/CGAL/CORE/ExprRep.h:1064: undefined reference to `CORE::ExprRep::computeBound()'
/usr/local/include/CGAL/CORE/ExprRep.h:1086: undefined reference to `CORE::extLong::getPosInfty()'
/usr/local/include/CGAL/CORE/ExprRep.h:1087: undefined reference to `CORE::ExprRep::getAppValue(CORE::extLong const&, CORE::extLong const&)'
/usr/local/include/CGAL/CORE/ExprRep.h:1084: undefined reference to `CORE::extLong::getPosInfty()'
/usr/local/include/CGAL/CORE/ExprRep.h:1085: undefined reference to `CORE::ExprRep::getAppValue(CORE::extLong const&, CORE::extLong const&)'
/usr/local/include/CGAL/CORE/ExprRep.h:1093: undefined reference to `CORE::core_error(std::string, std::string, int, bool)'
/usr/local/include/CGAL/CORE/ExprRep.h:1096: undefined reference to `CORE::extLong::getNegInfty()'
/usr/local/include/CGAL/CORE/ExprRep.h:1120: undefined reference to `CORE::extLong::getNegInfty()'
/usr/local/include/CGAL/CORE/ExprRep.h:1139: undefined reference to `CORE::extLong::getPosInfty()'
/usr/local/include/CGAL/CORE/ExprRep.h:1139: undefined reference to `CORE::ExprRep::getAppValue(CORE::extLong const&, CORE::extLong const&)'
/usr/local/include/CGAL/CORE/ExprRep.h:1138: undefined reference to `CORE::extLong::getPosInfty()'
/usr/local/include/CGAL/CORE/ExprRep.h:1138: undefined reference to `CORE::ExprRep::getAppValue(CORE::extLong const&, CORE::extLong const&)'
/usr/local/include/CGAL/CORE/ExprRep.h:1180: undefined reference to `CORE::core_error(std::string, std::string, int, bool)'
/usr/local/include/CGAL/CORE/ExprRep.h:1184: undefined reference to `CORE::operator<<(std::ostream&, CORE::extLong const&)'
/usr/local/include/CGAL/CORE/ExprRep.h:1132: undefined reference to `CORE::extLong::operator*=(CORE::extLong const&)'
/usr/local/include/CGAL/CORE/ExprRep.h:1198: undefined reference to `CORE::core_error(std::string, std::string, int, bool)'
./src/hit.o: In function `CORE::AddSubRep<CORE::Sub>::computeApproxValue(CORE::extLong const&, CORE::extLong const&)':
/usr/local/include/CGAL/CORE/ExprRep.h:1216: undefined reference to `CORE::ExprRep::getAppValue(CORE::extLong const&, CORE::extLong const&)'
/usr/local/include/CGAL/CORE/ExprRep.h:1220: undefined reference to `CORE::ExprRep::getAppValue(CORE::extLong const&, CORE::extLong const&)'
/usr/local/include/CGAL/CORE/ExprRep.h:1231: undefined reference to `CORE::ExprRep::getAppValue(CORE::extLong const&, CORE::extLong const&)'
/usr/local/include/CGAL/CORE/ExprRep.h:1231: undefined reference to `CORE::ExprRep::getAppValue(CORE::extLong const&, CORE::extLong const&)'
/usr/local/include/CGAL/CORE/ExprRep.h:1233: undefined reference to `CORE::operator<<(std::ostream&, CORE::extLong const&)'
/usr/local/include/CGAL/CORE/ExprRep.h:1234: undefined reference to `CORE::core_error(std::string, std::string, int, bool)'
./src/hit.o: In function `CORE::AddSubRep<CORE::Add>::~AddSubRep()':
/usr/local/include/CGAL/CORE/ExprRep.h:910: undefined reference to `CORE::AddSubRep<CORE::Add>::operator delete(void*, unsigned long)'
./src/hit.o: In function `CORE::AddSubRep<CORE::Add>::~AddSubRep()':
/usr/local/include/CGAL/CORE/ExprRep.h:910: undefined reference to `CORE::AddSubRep<CORE::Add>::operator delete(void*, unsigned long)'
./src/hit.o: In function `CORE::AddSubRep<CORE::Add>::computeExactFlags()':
/usr/local/include/CGAL/CORE/ExprRep.h:946: undefined reference to `CORE::ExprRep::reduceToZero()'
/usr/local/include/CGAL/CORE/ExprRep.h:949: undefined reference to `CORE::ExprRep::reduceTo(CORE::ExprRep const*)'
/usr/local/include/CGAL/CORE/ExprRep.h:956: undefined reference to `CORE::ExprRep::reduceTo(CORE::ExprRep const*)'
/usr/local/include/CGAL/CORE/ExprRep.h:963: undefined reference to `CORE::ExprRep::reduceToBigRat(CORE::BigRat const&)'
/usr/local/include/CGAL/CORE/ExprRep.h:991: undefined reference to `CORE::extLong::getPosInfty()'
/usr/local/include/CGAL/CORE/ExprRep.h:1064: undefined reference to `CORE::ExprRep::computeBound()'
/usr/local/include/CGAL/CORE/ExprRep.h:1086: undefined reference to `CORE::extLong::getPosInfty()'
/usr/local/include/CGAL/CORE/ExprRep.h:1087: undefined reference to `CORE::ExprRep::getAppValue(CORE::extLong const&, CORE::extLong const&)'
/usr/local/include/CGAL/CORE/ExprRep.h:1084: undefined reference to `CORE::extLong::getPosInfty()'
/usr/local/include/CGAL/CORE/ExprRep.h:1085: undefined reference to `CORE::ExprRep::getAppValue(CORE::extLong const&, CORE::extLong const&)'
/usr/local/include/CGAL/CORE/ExprRep.h:1093: undefined reference to `CORE::core_error(std::string, std::string, int, bool)'
/usr/local/include/CGAL/CORE/ExprRep.h:1096: undefined reference to `CORE::extLong::getNegInfty()'
/usr/local/include/CGAL/CORE/ExprRep.h:1120: undefined reference to `CORE::extLong::getNegInfty()'
/usr/local/include/CGAL/CORE/ExprRep.h:1139: undefined reference to `CORE::extLong::getPosInfty()'
/usr/local/include/CGAL/CORE/ExprRep.h:1139: undefined reference to `CORE::ExprRep::getAppValue(CORE::extLong const&, CORE::extLong const&)'
/usr/local/include/CGAL/CORE/ExprRep.h:1138: undefined reference to `CORE::extLong::getPosInfty()'
/usr/local/include/CGAL/CORE/ExprRep.h:1138: undefined reference to `CORE::ExprRep::getAppValue(CORE::extLong const&, CORE::extLong const&)'
/usr/local/include/CGAL/CORE/ExprRep.h:1180: undefined reference to `CORE::core_error(std::string, std::string, int, bool)'
/usr/local/include/CGAL/CORE/ExprRep.h:1184: undefined reference to `CORE::operator<<(std::ostream&, CORE::extLong const&)'
/usr/local/include/CGAL/CORE/ExprRep.h:1132: undefined reference to `CORE::extLong::operator*=(CORE::extLong const&)'
/usr/local/include/CGAL/CORE/ExprRep.h:1198: undefined reference to `CORE::core_error(std::string, std::string, int, bool)'
./src/hit.o: In function `CORE::AddSubRep<CORE::Add>::computeApproxValue(CORE::extLong const&, CORE::extLong const&)':
/usr/local/include/CGAL/CORE/ExprRep.h:1216: undefined reference to `CORE::ExprRep::getAppValue(CORE::extLong const&, CORE::extLong const&)'
/usr/local/include/CGAL/CORE/ExprRep.h:1220: undefined reference to `CORE::ExprRep::getAppValue(CORE::extLong const&, CORE::extLong const&)'
/usr/local/include/CGAL/CORE/ExprRep.h:1231: undefined reference to `CORE::ExprRep::getAppValue(CORE::extLong const&, CORE::extLong const&)'
/usr/local/include/CGAL/CORE/ExprRep.h:1231: undefined reference to `CORE::ExprRep::getAppValue(CORE::extLong const&, CORE::extLong const&)'
/usr/local/include/CGAL/CORE/ExprRep.h:1233: undefined reference to `CORE::operator<<(std::ostream&, CORE::extLong const&)'
/usr/local/include/CGAL/CORE/ExprRep.h:1234: undefined reference to `CORE::core_error(std::string, std::string, int, bool)'
./src/hit.o: In function `CORE::Realbase_for<CORE::BigFloat>::~Realbase_for()':
/usr/local/include/CGAL/CORE/RealRep.h:101: undefined reference to `CORE::Realbase_for<CORE::BigFloat>::operator delete(void*, unsigned long)'
./src/hit.o: In function `CORE::Realbase_for<CORE::BigFloat>::~Realbase_for()':
/usr/local/include/CGAL/CORE/RealRep.h:101: undefined reference to `CORE::Realbase_for<CORE::BigFloat>::operator delete(void*, unsigned long)'
./src/hit.o: In function `CORE::Realbase_for<CORE::BigRat>::~Realbase_for()':
/usr/local/include/CGAL/CORE/RealRep.h:101: undefined reference to `CORE::Realbase_for<CORE::BigRat>::operator delete(void*, unsigned long)'
./src/hit.o: In function `CORE::Realbase_for<CORE::BigRat>::~Realbase_for()':
/usr/local/include/CGAL/CORE/RealRep.h:101: undefined reference to `CORE::Realbase_for<CORE::BigRat>::operator delete(void*, unsigned long)'
./src/hit.o: In function `CORE::Realbase_for<CORE::BigRat>::flrLgErr() const':
/usr/local/include/CGAL/CORE/RealRep.h:138: undefined reference to `CORE::extLong::getNegInfty()'
./src/hit.o: In function `CORE::Realbase_for<CORE::BigRat>::clLgErr() const':
/usr/local/include/CGAL/CORE/RealRep.h:141: undefined reference to `CORE::extLong::getNegInfty()'
./src/hit.o: In function `CORE::Realbase_for<CORE::BigInt>::~Realbase_for()':
/usr/local/include/CGAL/CORE/RealRep.h:101: undefined reference to `CORE::Realbase_for<CORE::BigInt>::operator delete(void*, unsigned long)'
./src/hit.o: In function `CORE::Realbase_for<CORE::BigInt>::~Realbase_for()':
/usr/local/include/CGAL/CORE/RealRep.h:101: undefined reference to `CORE::Realbase_for<CORE::BigInt>::operator delete(void*, unsigned long)'
./src/hit.o: In function `CORE::Realbase_for<CORE::BigInt>::flrLgErr() const':
/usr/local/include/CGAL/CORE/RealRep.h:138: undefined reference to `CORE::extLong::getNegInfty()'
./src/hit.o: In function `CORE::Realbase_for<CORE::BigInt>::clLgErr() const':
/usr/local/include/CGAL/CORE/RealRep.h:141: undefined reference to `CORE::extLong::getNegInfty()'
./src/hit.o: In function `CORE::Realbase_for<long>::~Realbase_for()':
/usr/local/include/CGAL/CORE/RealRep.h:101: undefined reference to `CORE::Realbase_for<long>::operator delete(void*, unsigned long)'
./src/hit.o: In function `CORE::Realbase_for<long>::~Realbase_for()':
/usr/local/include/CGAL/CORE/RealRep.h:101: undefined reference to `CORE::Realbase_for<long>::operator delete(void*, unsigned long)'
./src/hit.o: In function `CORE::Realbase_for<long>::flrLgErr() const':
/usr/local/include/CGAL/CORE/RealRep.h:138: undefined reference to `CORE::extLong::getNegInfty()'
./src/hit.o: In function `CORE::Realbase_for<long>::clLgErr() const':
/usr/local/include/CGAL/CORE/RealRep.h:141: undefined reference to `CORE::extLong::getNegInfty()'
collect2: error: ld returned 1 exit status
make: *** [hit] Error 1

19:14:21 Build Finished (took 206ms)

