18:37:26 **** Incremental Build of configuration Debug for project Real_Estate ****
make all 
Building file: ../src/Real_Estate.cpp
/bin/sh: 1: I: not found
Invoking: Cross G++ Compiler
make: [src/Real_Estate.o] Error 127 (ignored)
I /usr/local/boost_1_58_0/g++ -O0 -g3 -Wall -c -fmessage-length=0 -MMD -MP -MF"src/Real_Estate.d" -MT"src/Real_Estate.d" -o "src/Real_Estate.o" "../src/Real_Estate.cpp"
Finished building: ../src/Real_Estate.cpp
 
Building file: ../src/version.cpp
Invoking: Cross G++ Compiler
I /usr/local/boost_1_58_0/g++ -O0 -g3 -Wall -c -fmessage-length=0 -MMD -MP -MF"src/version.d" -MT"src/version.d" -o "src/version.o" "../src/version.cpp"
/bin/sh: 1: I: not found
make: [src/version.o] Error 127 (ignored)
Finished building: ../src/version.cpp
 
Building target: Real_Estate
Invoking: Cross G++ Linker
I /usr/local/boost_1_58_0/g++  -o "Real_Estate"  ./src/Real_Estate.o ./src/version.o   
/bin/sh: 1: I: not found
make: [Real_Estate] Error 127 (ignored)
Finished building target: Real_Estate
 
