18:28:45 **** Build of configuration Default for project Sith ****
make all 
[100%] Built target sith
18:29:03 **** Incremental Build of configuration Default for project Sith ****
make all 
[100%] Built target sith
18:29:12 **** Incremental Build of configuration Default for project Sith ****
make all 
[100%] Built target sith
18:29:50 **** Incremental Build of configuration Default for project Sith ****
make all 
[100%] Built target sith
18:29:50 **** Build of configuration Debug for project sith ****
make all 
Building file: ../src/sith.cpp
Invoking: Cross G++ Compiler
g++ -O0 -g3 -Wall -c -fmessage-length=0 -MMD -MP -MF"src/sith.d" -MT"src/sith.d" -o "src/sith.o" "../src/sith.cpp"
Finished building: ../src/sith.cpp
 
Building target: sith
Invoking: Cross G++ Linker
g++  -o "sith"  ./src/sith.o   
Finished building target: sith
 
18:29:55 **** Incremental Build of configuration Default for project Sith ****
make all 
[100%] Built target sith
18:29:55 **** Incremental Build of configuration Debug for project sith ****
make all 
make: Nothing to be done for `all'.
18:30:01 **** Incremental Build of configuration Default for project Sith ****
make all 
[100%] Built target sith
18:30:01 **** Incremental Build of configuration Debug for project sith ****
make all 
make: Nothing to be done for `all'.
11:16:57 **** Incremental Build of configuration Default for project Sith ****
make all 
[100%] Built target sith
11:16:57 **** Build of configuration Debug for project odd ****
make all 
Building file: ../src/odd.cpp
Invoking: Cross G++ Compiler
g++ -O0 -g3 -Wall -c -fmessage-length=0 -MMD -MP -MF"src/odd.d" -MT"src/odd.o" -o "src/odd.o" "../src/odd.cpp"
Finished building: ../src/odd.cpp
 
Building target: odd
Invoking: Cross G++ Linker
g++  -o "odd"  ./src/odd.o   
Finished building target: odd
 
11:16:57 **** Incremental Build of configuration Debug for project sith ****
make all 
make: Nothing to be done for `all'.
10:58:06 **** Incremental Build of configuration Default for project Sith ****
make all 
[100%] Built target sith
10:58:07 **** Incremental Build of configuration Debug for project odd ****
make all 
Building file: ../src/odd.cpp
Invoking: Cross G++ Compiler
g++ -O0 -g3 -Wall -c -fmessage-length=0 -MMD -MP -MF"src/odd.d" -MT"src/odd.o" -o "src/odd.o" "../src/odd.cpp"
Finished building: ../src/odd.cpp
 
Building target: odd
Invoking: Cross G++ Linker
g++  -o "odd"  ./src/odd.o   
Finished building target: odd
 
10:58:09 **** Incremental Build of configuration Debug for project sith ****
make all 
make: Nothing to be done for `all'.
11:55:47 **** Incremental Build of configuration Default for project Sith ****
make all 
[100%] Built target sith
11:55:48 **** Incremental Build of configuration Debug for project odd ****
make all 
make: Nothing to be done for `all'.
11:55:48 **** Incremental Build of configuration Debug for project sith ****
make all 
make: Nothing to be done for `all'.
11:55:48 **** Build of configuration Debug for project stage ****
make all 
Building file: ../src/stage.cpp
Invoking: Cross G++ Compiler
g++ -O0 -g3 -Wall -c -fmessage-length=0 -MMD -MP -MF"src/stage.d" -MT"src/stage.o" -o "src/stage.o" "../src/stage.cpp"
Finished building: ../src/stage.cpp
 
Building target: stage
Invoking: Cross G++ Linker
g++  -o "stage"  ./src/stage.o   
./src/stage.o: In function `CGAL::Gmpq_rep::Gmpq_rep()':
/usr/local/include/CGAL/GMP/Gmpq_type.h:57: undefined reference to `__gmpq_init'
./src/stage.o: In function `CGAL::Gmpq_rep::~Gmpq_rep()':
/usr/local/include/CGAL/GMP/Gmpq_type.h:58: undefined reference to `__gmpq_clear'
./src/stage.o: In function `CGAL::Gmpq::Gmpq(double)':
/usr/local/include/CGAL/GMP/Gmpq_type.h:168: undefined reference to `CGAL::assertion_fail(char const*, char const*, int, char const*)'
/usr/local/include/CGAL/GMP/Gmpq_type.h:169: undefined reference to `__gmpq_set_d'
./src/stage.o: In function `CGAL::Gmpq::operator<(CGAL::Gmpq const&) const':
/usr/local/include/CGAL/GMP/Gmpq_type.h:230: undefined reference to `__gmpq_cmp'
./src/stage.o: In function `CGAL::Mpzf::Mpzf(CGAL::Mpzf const&)':
/usr/local/include/CGAL/Mpzf.h:345: undefined reference to `__gmpn_copyi'
./src/stage.o: In function `CGAL::Mpzf::Mpzf(double)':
/usr/local/include/CGAL/Mpzf.h:409: undefined reference to `CGAL::assertion_fail(char const*, char const*, int, char const*)'
./src/stage.o: In function `CGAL::Mpzf::aors(CGAL::Mpzf const&, CGAL::Mpzf const&, int)':
/usr/local/include/CGAL/Mpzf.h:550: undefined reference to `__gmpn_copyi'
/usr/local/include/CGAL/Mpzf.h:559: undefined reference to `__gmpn_copyi'
/usr/local/include/CGAL/Mpzf.h:578: undefined reference to `__gmpn_copyi'
/usr/local/include/CGAL/Mpzf.h:581: undefined reference to `__gmpn_copyi'
/usr/local/include/CGAL/Mpzf.h:586: undefined reference to `__gmpn_copyi'
./src/stage.o:/usr/local/include/CGAL/Mpzf.h:595: more undefined references to `__gmpn_copyi' follow
./src/stage.o: In function `CGAL::Mpzf::aors(CGAL::Mpzf const&, CGAL::Mpzf const&, int)':
/usr/local/include/CGAL/Mpzf.h:611: undefined reference to `__gmpn_add'
/usr/local/include/CGAL/Mpzf.h:618: undefined reference to `__gmpn_add'
/usr/local/include/CGAL/Mpzf.h:650: undefined reference to `__gmpn_copyi'
/usr/local/include/CGAL/Mpzf.h:658: undefined reference to `__gmpn_neg'
/usr/local/include/CGAL/Mpzf.h:661: undefined reference to `__gmpn_sub_1'
/usr/local/include/CGAL/Mpzf.h:667: undefined reference to `__gmpn_neg'
/usr/local/include/CGAL/Mpzf.h:676: undefined reference to `__gmpn_sub'
/usr/local/include/CGAL/Mpzf.h:679: undefined reference to `__gmpn_sub_1'
/usr/local/include/CGAL/Mpzf.h:680: undefined reference to `CGAL::assertion_fail(char const*, char const*, int, char const*)'
./src/stage.o: In function `CGAL::operator*(CGAL::Mpzf const&, CGAL::Mpzf const&)':
/usr/local/include/CGAL/Mpzf.h:707: undefined reference to `__gmpn_mul'
/usr/local/include/CGAL/Mpzf.h:709: undefined reference to `__gmpn_mul'
./src/stage.o: In function `CGAL::Triangulation_cw_ccw_2::ccw(int)':
/usr/local/include/CGAL/Triangulation_utils_2.h:47: undefined reference to `CGAL::precondition_fail(char const*, char const*, int, char const*)'
./src/stage.o: In function `CGAL::Triangulation_cw_ccw_2::cw(int)':
/usr/local/include/CGAL/Triangulation_utils_2.h:53: undefined reference to `CGAL::precondition_fail(char const*, char const*, int, char const*)'
./src/stage.o: In function `CGAL::Interval_nt<false>::Interval_nt(double, double)':
/usr/local/include/CGAL/Interval_nt.h:138: undefined reference to `CGAL::assertion_fail(char const*, char const*, int, char const*)'
./src/stage.o: In function `CGAL::Handle_for<CGAL::Gmpq_rep, std::allocator<CGAL::Gmpq_rep> >::Handle_for(CGAL::Handle_for<CGAL::Gmpq_rep, std::allocator<CGAL::Gmpq_rep> > const&)':
/usr/local/include/CGAL/Handle_for.h:141: undefined reference to `CGAL::assertion_fail(char const*, char const*, int, char const*)'
./src/stage.o: In function `CGAL::Triangulation_2<CGAL::Epick, CGAL::Triangulation_data_structure_2<CGAL::Triangulation_vertex_base_2<CGAL::Epick, CGAL::Triangulation_ds_vertex_base_2<void> >, CGAL::Triangulation_ds_face_base_2<void> > >::segment(std::pair<CGAL::internal::CC_iterator<CGAL::Compact_container<CGAL::Triangulation_ds_face_base_2<CGAL::Triangulation_data_structure_2<CGAL::Triangulation_vertex_base_2<CGAL::Epick, CGAL::Triangulation_ds_vertex_base_2<void> >, CGAL::Triangulation_ds_face_base_2<void> > >, CGAL::Default, CGAL::Default, CGAL::Default>, false>, int> const&) const':
/usr/local/include/CGAL/Triangulation_2.h:995: undefined reference to `CGAL::precondition_fail(char const*, char const*, int, char const*)'
./src/stage.o: In function `CGAL::Triangulation_ds_edge_circulator_2<CGAL::Triangulation_data_structure_2<CGAL::Triangulation_vertex_base_2<CGAL::Epick, CGAL::Triangulation_ds_vertex_base_2<void> >, CGAL::Triangulation_ds_face_base_2<void> > >::operator++()':
/usr/local/include/CGAL/Triangulation_ds_circulators_2.h:521: undefined reference to `CGAL::precondition_fail(char const*, char const*, int, char const*)'
/usr/local/include/CGAL/Triangulation_ds_circulators_2.h:525: undefined reference to `CGAL::assertion_fail(char const*, char const*, int, char const*)'
./src/stage.o: In function `CGAL::Delaunay_triangulation_2<CGAL::Epick, CGAL::Triangulation_data_structure_2<CGAL::Triangulation_vertex_base_2<CGAL::Epick, CGAL::Triangulation_ds_vertex_base_2<void> >, CGAL::Triangulation_ds_face_base_2<void> > >::Delaunay_triangulation_2(CGAL::Delaunay_triangulation_2<CGAL::Epick, CGAL::Triangulation_data_structure_2<CGAL::Triangulation_vertex_base_2<CGAL::Epick, CGAL::Triangulation_ds_vertex_base_2<void> >, CGAL::Triangulation_ds_face_base_2<void> > > const&)':
/usr/local/include/CGAL/Delaunay_triangulation_2.h:92: undefined reference to `CGAL::postcondition_fail(char const*, char const*, int, char const*)'
./src/stage.o: In function `CGAL::Interval_nt<false>::Test_runtime_rounding_modes::Test_runtime_rounding_modes()':
/usr/local/include/CGAL/Interval_nt.h:208: undefined reference to `CGAL::assertion_fail(char const*, char const*, int, char const*)'
/usr/local/include/CGAL/Interval_nt.h:210: undefined reference to `CGAL::assertion_fail(char const*, char const*, int, char const*)'
./src/stage.o: In function `CGAL::Interval_nt<true>::Test_runtime_rounding_modes::Test_runtime_rounding_modes()':
/usr/local/include/CGAL/Interval_nt.h:208: undefined reference to `CGAL::assertion_fail(char const*, char const*, int, char const*)'
/usr/local/include/CGAL/Interval_nt.h:210: undefined reference to `CGAL::assertion_fail(char const*, char const*, int, char const*)'
./src/stage.o: In function `CGAL::Triangulation_ds_face_base_2<CGAL::Triangulation_data_structure_2<CGAL::Triangulation_vertex_base_2<CGAL::Epick, CGAL::Triangulation_ds_vertex_base_2<void> >, CGAL::Triangulation_ds_face_base_2<void> > >::vertex(int) const':
/usr/local/include/CGAL/Triangulation_ds_face_base_2.h:132: undefined reference to `CGAL::precondition_fail(char const*, char const*, int, char const*)'
./src/stage.o: In function `CGAL::Triangulation_ds_face_base_2<CGAL::Triangulation_data_structure_2<CGAL::Triangulation_vertex_base_2<CGAL::Epick, CGAL::Triangulation_ds_vertex_base_2<void> >, CGAL::Triangulation_ds_face_base_2<void> > >::index(CGAL::internal::CC_iterator<CGAL::Compact_container<CGAL::Triangulation_vertex_base_2<CGAL::Epick, CGAL::Triangulation_ds_vertex_base_2<CGAL::Triangulation_data_structure_2<CGAL::Triangulation_vertex_base_2<CGAL::Epick, CGAL::Triangulation_ds_vertex_base_2<void> >, CGAL::Triangulation_ds_face_base_2<void> > > >, CGAL::Default, CGAL::Default, CGAL::Default>, false>) const':
/usr/local/include/CGAL/Triangulation_ds_face_base_2.h:172: undefined reference to `CGAL::assertion_fail(char const*, char const*, int, char const*)'
./src/stage.o: In function `CGAL::Triangulation_ds_face_base_2<CGAL::Triangulation_data_structure_2<CGAL::Triangulation_vertex_base_2<CGAL::Epick, CGAL::Triangulation_ds_vertex_base_2<void> >, CGAL::Triangulation_ds_face_base_2<void> > >::neighbor(int) const':
/usr/local/include/CGAL/Triangulation_ds_face_base_2.h:182: undefined reference to `CGAL::precondition_fail(char const*, char const*, int, char const*)'
./src/stage.o: In function `std::istream& CGAL::extract<CGAL::Epick>(std::istream&, CGAL::Point_2<CGAL::Epick>&, CGAL::Cartesian_tag const&)':
/usr/local/include/CGAL/Point_2.h:217: undefined reference to `CGAL::IO::mode'
./src/stage.o: In function `CGAL::Delaunay_triangulation_2<CGAL::Epick, CGAL::Triangulation_data_structure_2<CGAL::Triangulation_vertex_base_2<CGAL::Epick, CGAL::Triangulation_ds_vertex_base_2<void> >, CGAL::Triangulation_ds_face_base_2<void> > >::is_valid(bool, int) const':
/usr/local/include/CGAL/Delaunay_triangulation_2.h:680: undefined reference to `CGAL::assertion_fail(char const*, char const*, int, char const*)'
./src/stage.o: In function `CGAL::Triangulation_2<CGAL::Epick, CGAL::Triangulation_data_structure_2<CGAL::Triangulation_vertex_base_2<CGAL::Epick, CGAL::Triangulation_ds_vertex_base_2<void> >, CGAL::Triangulation_ds_face_base_2<void> > >::insert(CGAL::Point_2<CGAL::Epick> const&, CGAL::Triangulation_2<CGAL::Epick, CGAL::Triangulation_data_structure_2<CGAL::Triangulation_vertex_base_2<CGAL::Epick, CGAL::Triangulation_ds_vertex_base_2<void> >, CGAL::Triangulation_ds_face_base_2<void> > >::Locate_type, CGAL::internal::CC_iterator<CGAL::Compact_container<CGAL::Triangulation_ds_face_base_2<CGAL::Triangulation_data_structure_2<CGAL::Triangulation_vertex_base_2<CGAL::Epick, CGAL::Triangulation_ds_vertex_base_2<void> >, CGAL::Triangulation_ds_face_base_2<void> > >, CGAL::Default, CGAL::Default, CGAL::Default>, false>, int)':
/usr/local/include/CGAL/Triangulation_2.h:1253: undefined reference to `CGAL::assertion_fail(char const*, char const*, int, char const*)'
./src/stage.o: In function `CGAL::Triangulation_data_structure_2<CGAL::Triangulation_vertex_base_2<CGAL::Epick, CGAL::Triangulation_ds_vertex_base_2<void> >, CGAL::Triangulation_ds_face_base_2<void> >::insert_first()':
/usr/local/include/CGAL/Triangulation_data_structure_2.h:794: undefined reference to `CGAL::precondition_fail(char const*, char const*, int, char const*)'
./src/stage.o: In function `CGAL::Triangulation_2<CGAL::Epick, CGAL::Triangulation_data_structure_2<CGAL::Triangulation_vertex_base_2<CGAL::Epick, CGAL::Triangulation_ds_vertex_base_2<void> >, CGAL::Triangulation_ds_face_base_2<void> > >::is_valid(bool, int) const':
/usr/local/include/CGAL/Triangulation_2.h:791: undefined reference to `CGAL::assertion_fail(char const*, char const*, int, char const*)'
/usr/local/include/CGAL/Triangulation_2.h:799: undefined reference to `CGAL::assertion_fail(char const*, char const*, int, char const*)'
/usr/local/include/CGAL/Triangulation_2.h:803: undefined reference to `CGAL::assertion_fail(char const*, char const*, int, char const*)'
/usr/local/include/CGAL/Triangulation_2.h:815: undefined reference to `CGAL::assertion_fail(char const*, char const*, int, char const*)'
/usr/local/include/CGAL/Triangulation_2.h:825: undefined reference to `CGAL::assertion_fail(char const*, char const*, int, char const*)'
./src/stage.o: In function `CGAL::Triangulation_2<CGAL::Epick, CGAL::Triangulation_data_structure_2<CGAL::Triangulation_vertex_base_2<CGAL::Epick, CGAL::Triangulation_ds_vertex_base_2<void> >, CGAL::Triangulation_ds_face_base_2<void> > >::insert_first(CGAL::Point_2<CGAL::Epick> const&)':
/usr/local/include/CGAL/Triangulation_2.h:1053: undefined reference to `CGAL::precondition_fail(char const*, char const*, int, char const*)'
./src/stage.o: In function `CGAL::Triangulation_2<CGAL::Epick, CGAL::Triangulation_data_structure_2<CGAL::Triangulation_vertex_base_2<CGAL::Epick, CGAL::Triangulation_ds_vertex_base_2<void> >, CGAL::Triangulation_ds_face_base_2<void> > >::finite_vertex() const':
/usr/local/include/CGAL/Triangulation_2.h:749: undefined reference to `CGAL::precondition_fail(char const*, char const*, int, char const*)'
./src/stage.o: In function `CGAL::Triangulation_2<CGAL::Epick, CGAL::Triangulation_data_structure_2<CGAL::Triangulation_vertex_base_2<CGAL::Epick, CGAL::Triangulation_ds_vertex_base_2<void> >, CGAL::Triangulation_ds_face_base_2<void> > >::insert_second(CGAL::Point_2<CGAL::Epick> const&)':
/usr/local/include/CGAL/Triangulation_2.h:1064: undefined reference to `CGAL::precondition_fail(char const*, char const*, int, char const*)'
./src/stage.o: In function `CGAL::Triangulation_2<CGAL::Epick, CGAL::Triangulation_data_structure_2<CGAL::Triangulation_vertex_base_2<CGAL::Epick, CGAL::Triangulation_ds_vertex_base_2<void> >, CGAL::Triangulation_ds_face_base_2<void> > >::insert_in_face(CGAL::Point_2<CGAL::Epick> const&, CGAL::internal::CC_iterator<CGAL::Compact_container<CGAL::Triangulation_ds_face_base_2<CGAL::Triangulation_data_structure_2<CGAL::Triangulation_vertex_base_2<CGAL::Epick, CGAL::Triangulation_ds_vertex_base_2<void> >, CGAL::Triangulation_ds_face_base_2<void> > >, CGAL::Default, CGAL::Default, CGAL::Default>, false>)':
/usr/local/include/CGAL/Triangulation_2.h:1090: undefined reference to `CGAL::precondition_fail(char const*, char const*, int, char const*)'
./src/stage.o: In function `CGAL::Triangulation_2<CGAL::Epick, CGAL::Triangulation_data_structure_2<CGAL::Triangulation_vertex_base_2<CGAL::Epick, CGAL::Triangulation_ds_vertex_base_2<void> >, CGAL::Triangulation_ds_face_base_2<void> > >::insert_outside_convex_hull(CGAL::Point_2<CGAL::Epick> const&, CGAL::internal::CC_iterator<CGAL::Compact_container<CGAL::Triangulation_ds_face_base_2<CGAL::Triangulation_data_structure_2<CGAL::Triangulation_vertex_base_2<CGAL::Epick, CGAL::Triangulation_ds_vertex_base_2<void> >, CGAL::Triangulation_ds_face_base_2<void> > >, CGAL::Default, CGAL::Default, CGAL::Default>, false>)':
/usr/local/include/CGAL/Triangulation_2.h:1101: undefined reference to `CGAL::precondition_fail(char const*, char const*, int, char const*)'
./src/stage.o:/usr/local/include/CGAL/Triangulation_2.h:1199: more undefined references to `CGAL::precondition_fail(char const*, char const*, int, char const*)' follow
./src/stage.o: In function `CGAL::Triangulation_data_structure_2<CGAL::Triangulation_vertex_base_2<CGAL::Epick, CGAL::Triangulation_ds_vertex_base_2<void> >, CGAL::Triangulation_ds_face_base_2<void> >::insert_dim_up(CGAL::internal::CC_iterator<CGAL::Compact_container<CGAL::Triangulation_vertex_base_2<CGAL::Epick, CGAL::Triangulation_ds_vertex_base_2<CGAL::Triangulation_data_structure_2<CGAL::Triangulation_vertex_base_2<CGAL::Epick, CGAL::Triangulation_ds_vertex_base_2<void> >, CGAL::Triangulation_ds_face_base_2<void> > > >, CGAL::Default, CGAL::Default, CGAL::Default>, false>, bool)':
/usr/local/include/CGAL/Triangulation_data_structure_2.h:980: undefined reference to `CGAL::assertion_fail(char const*, char const*, int, char const*)'
./src/stage.o: In function `CGAL::internal::CC_iterator<CGAL::Compact_container<CGAL::Triangulation_vertex_base_2<CGAL::Epick, CGAL::Triangulation_ds_vertex_base_2<CGAL::Triangulation_data_structure_2<CGAL::Triangulation_vertex_base_2<CGAL::Epick, CGAL::Triangulation_ds_vertex_base_2<void> >, CGAL::Triangulation_ds_face_base_2<void> > > >, CGAL::Default, CGAL::Default, CGAL::Default>, false> CGAL::Triangulation_data_structure_2<CGAL::Triangulation_vertex_base_2<CGAL::Epick, CGAL::Triangulation_ds_vertex_base_2<void> >, CGAL::Triangulation_ds_face_base_2<void> >::copy_tds<CGAL::Triangulation_data_structure_2<CGAL::Triangulation_vertex_base_2<CGAL::Epick, CGAL::Triangulation_ds_vertex_base_2<void> >, CGAL::Triangulation_ds_face_base_2<void> >, CGAL::internal::TDS_2::Default_vertex_converter<CGAL::Triangulation_vertex_base_2<CGAL::Epick, CGAL::Triangulation_ds_vertex_base_2<CGAL::Triangulation_data_structure_2<CGAL::Triangulation_vertex_base_2<CGAL::Epick, CGAL::Triangulation_ds_vertex_base_2<void> >, CGAL::Triangulation_ds_face_base_2<void> > > >, CGAL::Triangulation_vertex_base_2<CGAL::Epick, CGAL::Triangulation_ds_vertex_base_2<CGAL::Triangulation_data_structure_2<CGAL::Triangulation_vertex_base_2<CGAL::Epick, CGAL::Triangulation_ds_vertex_base_2<void> >, CGAL::Triangulation_ds_face_base_2<void> > > > >, CGAL::internal::TDS_2::Default_face_converter<CGAL::Triangulation_ds_face_base_2<CGAL::Triangulation_data_structure_2<CGAL::Triangulation_vertex_base_2<CGAL::Epick, CGAL::Triangulation_ds_vertex_base_2<void> >, CGAL::Triangulation_ds_face_base_2<void> > >, CGAL::Triangulation_ds_face_base_2<CGAL::Triangulation_data_structure_2<CGAL::Triangulation_vertex_base_2<CGAL::Epick, CGAL::Triangulation_ds_vertex_base_2<void> >, CGAL::Triangulation_ds_face_base_2<void> > > > >(CGAL::Triangulation_data_structure_2<CGAL::Triangulation_vertex_base_2<CGAL::Epick, CGAL::Triangulation_ds_vertex_base_2<void> >, CGAL::Triangulation_ds_face_base_2<void> > const&, CGAL::Triangulation_data_structure_2<CGAL::Triangulation_vertex_base_2<CGAL::Epick, CGAL::Triangulation_ds_vertex_base_2<void> >, CGAL::Triangulation_ds_face_base_2<void> >::Vertex_handle, CGAL::internal::TDS_2::Default_vertex_converter<CGAL::Triangulation_vertex_base_2<CGAL::Epick, CGAL::Triangulation_ds_vertex_base_2<CGAL::Triangulation_data_structure_2<CGAL::Triangulation_vertex_base_2<CGAL::Epick, CGAL::Triangulation_ds_vertex_base_2<void> >, CGAL::Triangulation_ds_face_base_2<void> > > >, CGAL::Triangulation_vertex_base_2<CGAL::Epick, CGAL::Triangulation_ds_vertex_base_2<CGAL::Triangulation_data_structure_2<CGAL::Triangulation_vertex_base_2<CGAL::Epick, CGAL::Triangulation_ds_vertex_base_2<void> >, CGAL::Triangulation_ds_face_base_2<void> > > > > const&, CGAL::internal::TDS_2::Default_face_converter<CGAL::Triangulation_ds_face_base_2<CGAL::Triangulation_data_structure_2<CGAL::Triangulation_vertex_base_2<CGAL::Epick, CGAL::Triangulation_ds_vertex_base_2<void> >, CGAL::Triangulation_ds_face_base_2<void> > >, CGAL::Triangulation_ds_face_base_2<CGAL::Triangulation_data_structure_2<CGAL::Triangulation_vertex_base_2<CGAL::Epick, CGAL::Triangulation_ds_vertex_base_2<void> >, CGAL::Triangulation_ds_face_base_2<void> > > > const&)':
/usr/local/include/CGAL/Triangulation_data_structure_2.h:1837: undefined reference to `CGAL::precondition_fail(char const*, char const*, int, char const*)'
./src/stage.o: In function `CGAL::Triangulation_data_structure_2<CGAL::Triangulation_vertex_base_2<CGAL::Epick, CGAL::Triangulation_ds_vertex_base_2<void> >, CGAL::Triangulation_ds_face_base_2<void> >::is_valid(bool, int) const':
/usr/local/include/CGAL/Triangulation_data_structure_2.h:1757: undefined reference to `CGAL::assertion_fail(char const*, char const*, int, char const*)'
/usr/local/include/CGAL/Triangulation_data_structure_2.h:1767: undefined reference to `CGAL::assertion_fail(char const*, char const*, int, char const*)'
/usr/local/include/CGAL/Triangulation_data_structure_2.h:1772: undefined reference to `CGAL::assertion_fail(char const*, char const*, int, char const*)'
/usr/local/include/CGAL/Triangulation_data_structure_2.h:1779: undefined reference to `CGAL::assertion_fail(char const*, char const*, int, char const*)'
/usr/local/include/CGAL/Triangulation_data_structure_2.h:1781: undefined reference to `CGAL::assertion_fail(char const*, char const*, int, char const*)'
./src/stage.o:/usr/local/include/CGAL/Triangulation_data_structure_2.h:1785: more undefined references to `CGAL::assertion_fail(char const*, char const*, int, char const*)' follow
./src/stage.o: In function `CGAL::Triangulation_ds_vertex_circulator_2<CGAL::Triangulation_data_structure_2<CGAL::Triangulation_vertex_base_2<CGAL::Epick, CGAL::Triangulation_ds_vertex_base_2<void> >, CGAL::Triangulation_ds_face_base_2<void> > >::operator++()':
/usr/local/include/CGAL/Triangulation_ds_circulators_2.h:398: undefined reference to `CGAL::precondition_fail(char const*, char const*, int, char const*)'
/usr/local/include/CGAL/Triangulation_ds_circulators_2.h:403: undefined reference to `CGAL::assertion_fail(char const*, char const*, int, char const*)'
./src/stage.o: In function `CGAL::Triangulation_ds_vertex_circulator_2<CGAL::Triangulation_data_structure_2<CGAL::Triangulation_vertex_base_2<CGAL::Epick, CGAL::Triangulation_ds_vertex_base_2<void> >, CGAL::Triangulation_ds_face_base_2<void> > >::operator->() const':
/usr/local/include/CGAL/Triangulation_ds_circulators_2.h:177: undefined reference to `CGAL::precondition_fail(char const*, char const*, int, char const*)'
./src/stage.o: In function `bool CGAL::operator==<CGAL::internal::CC_iterator<CGAL::Compact_container<CGAL::Triangulation_ds_face_base_2<CGAL::Triangulation_data_structure_2<CGAL::Triangulation_vertex_base_2<CGAL::Epick, CGAL::Triangulation_ds_vertex_base_2<void> >, CGAL::Triangulation_ds_face_base_2<void> > >, CGAL::Default, CGAL::Default, CGAL::Default>, false>, CGAL::Triangulation_2<CGAL::Epick, CGAL::Triangulation_data_structure_2<CGAL::Triangulation_vertex_base_2<CGAL::Epick, CGAL::Triangulation_ds_vertex_base_2<void> >, CGAL::Triangulation_ds_face_base_2<void> > >::Infinite_tester>(CGAL::Filter_iterator<CGAL::internal::CC_iterator<CGAL::Compact_container<CGAL::Triangulation_ds_face_base_2<CGAL::Triangulation_data_structure_2<CGAL::Triangulation_vertex_base_2<CGAL::Epick, CGAL::Triangulation_ds_vertex_base_2<void> >, CGAL::Triangulation_ds_face_base_2<void> > >, CGAL::Default, CGAL::Default, CGAL::Default>, false>, CGAL::Triangulation_2<CGAL::Epick, CGAL::Triangulation_data_structure_2<CGAL::Triangulation_vertex_base_2<CGAL::Epick, CGAL::Triangulation_ds_vertex_base_2<void> >, CGAL::Triangulation_ds_face_base_2<void> > >::Infinite_tester> const&, CGAL::Filter_iterator<CGAL::internal::CC_iterator<CGAL::Compact_container<CGAL::Triangulation_ds_face_base_2<CGAL::Triangulation_data_structure_2<CGAL::Triangulation_vertex_base_2<CGAL::Epick, CGAL::Triangulation_ds_vertex_base_2<void> >, CGAL::Triangulation_ds_face_base_2<void> > >, CGAL::Default, CGAL::Default, CGAL::Default>, false>, CGAL::Triangulation_2<CGAL::Epick, CGAL::Triangulation_data_structure_2<CGAL::Triangulation_vertex_base_2<CGAL::Epick, CGAL::Triangulation_ds_vertex_base_2<void> >, CGAL::Triangulation_ds_face_base_2<void> > >::Infinite_tester> const&)':
/usr/local/include/CGAL/iterator.h:585: undefined reference to `CGAL::precondition_fail(char const*, char const*, int, char const*)'
./src/stage.o: In function `CGAL::Triangulation_data_structure_2<CGAL::Triangulation_vertex_base_2<CGAL::Epick, CGAL::Triangulation_ds_vertex_base_2<void> >, CGAL::Triangulation_ds_face_base_2<void> >::mirror_vertex(CGAL::internal::CC_iterator<CGAL::Compact_container<CGAL::Triangulation_ds_face_base_2<CGAL::Triangulation_data_structure_2<CGAL::Triangulation_vertex_base_2<CGAL::Epick, CGAL::Triangulation_ds_vertex_base_2<void> >, CGAL::Triangulation_ds_face_base_2<void> > >, CGAL::Default, CGAL::Default, CGAL::Default>, false>, int) const':
/usr/local/include/CGAL/Triangulation_data_structure_2.h:225: undefined reference to `CGAL::precondition_fail(char const*, char const*, int, char const*)'
./src/stage.o: In function `CGAL::Triangulation_2<CGAL::Epick, CGAL::Triangulation_data_structure_2<CGAL::Triangulation_vertex_base_2<CGAL::Epick, CGAL::Triangulation_ds_vertex_base_2<void> >, CGAL::Triangulation_ds_face_base_2<void> > >::march_locate_1D(CGAL::Point_2<CGAL::Epick> const&, CGAL::Triangulation_2<CGAL::Epick, CGAL::Triangulation_data_structure_2<CGAL::Triangulation_vertex_base_2<CGAL::Epick, CGAL::Triangulation_ds_vertex_base_2<void> >, CGAL::Triangulation_ds_face_base_2<void> > >::Locate_type&, int&) const':
/usr/local/include/CGAL/Triangulation_2.h:2425: undefined reference to `CGAL::assertion_fail(char const*, char const*, int, char const*)'
./src/stage.o: In function `CGAL::Triangulation_2<CGAL::Epick, CGAL::Triangulation_data_structure_2<CGAL::Triangulation_vertex_base_2<CGAL::Epick, CGAL::Triangulation_ds_vertex_base_2<void> >, CGAL::Triangulation_ds_face_base_2<void> > >::march_locate_2D(CGAL::internal::CC_iterator<CGAL::Compact_container<CGAL::Triangulation_ds_face_base_2<CGAL::Triangulation_data_structure_2<CGAL::Triangulation_vertex_base_2<CGAL::Epick, CGAL::Triangulation_ds_vertex_base_2<void> >, CGAL::Triangulation_ds_face_base_2<void> > >, CGAL::Default, CGAL::Default, CGAL::Default>, false>, CGAL::Point_2<CGAL::Epick> const&, CGAL::Triangulation_2<CGAL::Epick, CGAL::Triangulation_data_structure_2<CGAL::Triangulation_vertex_base_2<CGAL::Epick, CGAL::Triangulation_ds_vertex_base_2<void> >, CGAL::Triangulation_ds_face_base_2<void> > >::Locate_type&, int&) const':
/usr/local/include/CGAL/Triangulation_2.h:2573: undefined reference to `CGAL::assertion_fail(char const*, char const*, int, char const*)'
./src/stage.o: In function `CGAL::Triangulation_data_structure_2<CGAL::Triangulation_vertex_base_2<CGAL::Epick, CGAL::Triangulation_ds_vertex_base_2<void> >, CGAL::Triangulation_ds_face_base_2<void> >::insert_second()':
/usr/local/include/CGAL/Triangulation_data_structure_2.h:804: undefined reference to `CGAL::precondition_fail(char const*, char const*, int, char const*)'
./src/stage.o: In function `CGAL::Triangulation_2<CGAL::Epick, CGAL::Triangulation_data_structure_2<CGAL::Triangulation_vertex_base_2<CGAL::Epick, CGAL::Triangulation_ds_vertex_base_2<void> >, CGAL::Triangulation_ds_face_base_2<void> > >::oriented_side(CGAL::internal::CC_iterator<CGAL::Compact_container<CGAL::Triangulation_ds_face_base_2<CGAL::Triangulation_data_structure_2<CGAL::Triangulation_vertex_base_2<CGAL::Epick, CGAL::Triangulation_ds_vertex_base_2<void> >, CGAL::Triangulation_ds_face_base_2<void> > >, CGAL::Default, CGAL::Default, CGAL::Default>, false>, CGAL::Point_2<CGAL::Epick> const&) const':
/usr/local/include/CGAL/Triangulation_2.h:3325: undefined reference to `CGAL::precondition_fail(char const*, char const*, int, char const*)'
./src/stage.o: In function `CGAL::Triangulation_data_structure_2<CGAL::Triangulation_vertex_base_2<CGAL::Epick, CGAL::Triangulation_ds_vertex_base_2<void> >, CGAL::Triangulation_ds_face_base_2<void> >::insert_in_face(CGAL::internal::CC_iterator<CGAL::Compact_container<CGAL::Triangulation_ds_face_base_2<CGAL::Triangulation_data_structure_2<CGAL::Triangulation_vertex_base_2<CGAL::Epick, CGAL::Triangulation_ds_vertex_base_2<void> >, CGAL::Triangulation_ds_face_base_2<void> > >, CGAL::Default, CGAL::Default, CGAL::Default>, false>)':
/usr/local/include/CGAL/Triangulation_data_structure_2.h:817: undefined reference to `CGAL::precondition_fail(char const*, char const*, int, char const*)'
./src/stage.o: In function `CGAL::Triangulation_data_structure_2<CGAL::Triangulation_vertex_base_2<CGAL::Epick, CGAL::Triangulation_ds_vertex_base_2<void> >, CGAL::Triangulation_ds_face_base_2<void> >::insert_in_edge(CGAL::internal::CC_iterator<CGAL::Compact_container<CGAL::Triangulation_ds_face_base_2<CGAL::Triangulation_data_structure_2<CGAL::Triangulation_vertex_base_2<CGAL::Epick, CGAL::Triangulation_ds_vertex_base_2<void> >, CGAL::Triangulation_ds_face_base_2<void> > >, CGAL::Default, CGAL::Default, CGAL::Default>, false>, int)':
/usr/local/include/CGAL/Triangulation_data_structure_2.h:856: undefined reference to `CGAL::precondition_fail(char const*, char const*, int, char const*)'
/usr/local/include/CGAL/Triangulation_data_structure_2.h:857: undefined reference to `CGAL::precondition_fail(char const*, char const*, int, char const*)'
./src/stage.o:/usr/local/include/CGAL/Triangulation_data_structure_2.h:858: more undefined references to `CGAL::precondition_fail(char const*, char const*, int, char const*)' follow
./src/stage.o: In function `CGAL::Triangulation_data_structure_2<CGAL::Triangulation_vertex_base_2<CGAL::Epick, CGAL::Triangulation_ds_vertex_base_2<void> >, CGAL::Triangulation_ds_face_base_2<void> >::set_adjacency(CGAL::internal::CC_iterator<CGAL::Compact_container<CGAL::Triangulation_ds_face_base_2<CGAL::Triangulation_data_structure_2<CGAL::Triangulation_vertex_base_2<CGAL::Epick, CGAL::Triangulation_ds_vertex_base_2<void> >, CGAL::Triangulation_ds_face_base_2<void> > >, CGAL::Default, CGAL::Default, CGAL::Default>, false>, int, CGAL::internal::CC_iterator<CGAL::Compact_container<CGAL::Triangulation_ds_face_base_2<CGAL::Triangulation_data_structure_2<CGAL::Triangulation_vertex_base_2<CGAL::Epick, CGAL::Triangulation_ds_vertex_base_2<void> >, CGAL::Triangulation_ds_face_base_2<void> > >, CGAL::Default, CGAL::Default, CGAL::Default>, false>, int) const':
/usr/local/include/CGAL/Triangulation_data_structure_2.h:1352: undefined reference to `CGAL::assertion_fail(char const*, char const*, int, char const*)'
/usr/local/include/CGAL/Triangulation_data_structure_2.h:1353: undefined reference to `CGAL::assertion_fail(char const*, char const*, int, char const*)'
/usr/local/include/CGAL/Triangulation_data_structure_2.h:1354: undefined reference to `CGAL::assertion_fail(char const*, char const*, int, char const*)'
./src/stage.o: In function `CGAL::internal::CC_iterator<CGAL::Compact_container<CGAL::Triangulation_ds_face_base_2<CGAL::Triangulation_data_structure_2<CGAL::Triangulation_vertex_base_2<CGAL::Epick, CGAL::Triangulation_ds_vertex_base_2<void> >, CGAL::Triangulation_ds_face_base_2<void> > >, CGAL::Default, CGAL::Default, CGAL::Default>, false>::operator++()':
/usr/local/include/CGAL/Compact_container.h:1073: undefined reference to `CGAL::assertion_fail(char const*, char const*, int, char const*)'
/usr/local/include/CGAL/Compact_container.h:1075: undefined reference to `CGAL::assertion_fail(char const*, char const*, int, char const*)'
./src/stage.o: In function `CGAL::Triangulation_ds_face_base_2<CGAL::Triangulation_data_structure_2<CGAL::Triangulation_vertex_base_2<CGAL::Epick, CGAL::Triangulation_ds_vertex_base_2<void> >, CGAL::Triangulation_ds_face_base_2<void> > >::set_vertex(int, CGAL::internal::CC_iterator<CGAL::Compact_container<CGAL::Triangulation_vertex_base_2<CGAL::Epick, CGAL::Triangulation_ds_vertex_base_2<CGAL::Triangulation_data_structure_2<CGAL::Triangulation_vertex_base_2<CGAL::Epick, CGAL::Triangulation_ds_vertex_base_2<void> >, CGAL::Triangulation_ds_face_base_2<void> > > >, CGAL::Default, CGAL::Default, CGAL::Default>, false>)':
/usr/local/include/CGAL/Triangulation_ds_face_base_2.h:233: undefined reference to `CGAL::precondition_fail(char const*, char const*, int, char const*)'
./src/stage.o: In function `CGAL::Triangulation_ds_face_base_2<CGAL::Triangulation_data_structure_2<CGAL::Triangulation_vertex_base_2<CGAL::Epick, CGAL::Triangulation_ds_vertex_base_2<void> >, CGAL::Triangulation_ds_face_base_2<void> > >::set_neighbor(int, CGAL::internal::CC_iterator<CGAL::Compact_container<CGAL::Triangulation_ds_face_base_2<CGAL::Triangulation_data_structure_2<CGAL::Triangulation_vertex_base_2<CGAL::Epick, CGAL::Triangulation_ds_vertex_base_2<void> >, CGAL::Triangulation_ds_face_base_2<void> > >, CGAL::Default, CGAL::Default, CGAL::Default>, false>)':
/usr/local/include/CGAL/Triangulation_ds_face_base_2.h:242: undefined reference to `CGAL::precondition_fail(char const*, char const*, int, char const*)'
/usr/local/include/CGAL/Triangulation_ds_face_base_2.h:243: undefined reference to `CGAL::precondition_fail(char const*, char const*, int, char const*)'
./src/stage.o: In function `CGAL::Triangulation_data_structure_2<CGAL::Triangulation_vertex_base_2<CGAL::Epick, CGAL::Triangulation_ds_vertex_base_2<void> >, CGAL::Triangulation_ds_face_base_2<void> >::mirror_index(CGAL::internal::CC_iterator<CGAL::Compact_container<CGAL::Triangulation_ds_face_base_2<CGAL::Triangulation_data_structure_2<CGAL::Triangulation_vertex_base_2<CGAL::Epick, CGAL::Triangulation_ds_vertex_base_2<void> >, CGAL::Triangulation_ds_face_base_2<void> > >, CGAL::Default, CGAL::Default, CGAL::Default>, false>, int) const':
/usr/local/include/CGAL/Triangulation_data_structure_2.h:234: undefined reference to `CGAL::precondition_fail(char const*, char const*, int, char const*)'
/usr/local/include/CGAL/Triangulation_data_structure_2.h:237: undefined reference to `CGAL::assertion_fail(char const*, char const*, int, char const*)'
/usr/local/include/CGAL/Triangulation_data_structure_2.h:239: undefined reference to `CGAL::assertion_fail(char const*, char const*, int, char const*)'
./src/stage.o: In function `CGAL::Multiscale_sort<CGAL::Hilbert_sort_2<CGAL::Epick, CGAL::Hilbert_policy<CGAL::Median> > >::Multiscale_sort(CGAL::Hilbert_sort_2<CGAL::Epick, CGAL::Hilbert_policy<CGAL::Median> > const&, long, double)':
/usr/local/include/CGAL/Multiscale_sort.h:40: undefined reference to `CGAL::precondition_fail(char const*, char const*, int, char const*)'
./src/stage.o: In function `CGAL::internal::CC_iterator<CGAL::Compact_container<CGAL::Triangulation_vertex_base_2<CGAL::Epick, CGAL::Triangulation_ds_vertex_base_2<CGAL::Triangulation_data_structure_2<CGAL::Triangulation_vertex_base_2<CGAL::Epick, CGAL::Triangulation_ds_vertex_base_2<void> >, CGAL::Triangulation_ds_face_base_2<void> > > >, CGAL::Default, CGAL::Default, CGAL::Default>, false>::operator++()':
/usr/local/include/CGAL/Compact_container.h:1073: undefined reference to `CGAL::assertion_fail(char const*, char const*, int, char const*)'
/usr/local/include/CGAL/Compact_container.h:1075: undefined reference to `CGAL::assertion_fail(char const*, char const*, int, char const*)'
./src/stage.o: In function `bool CGAL::operator==<CGAL::internal::CC_iterator<CGAL::Compact_container<CGAL::Triangulation_vertex_base_2<CGAL::Epick, CGAL::Triangulation_ds_vertex_base_2<CGAL::Triangulation_data_structure_2<CGAL::Triangulation_vertex_base_2<CGAL::Epick, CGAL::Triangulation_ds_vertex_base_2<void> >, CGAL::Triangulation_ds_face_base_2<void> > > >, CGAL::Default, CGAL::Default, CGAL::Default>, false>, CGAL::Triangulation_2<CGAL::Epick, CGAL::Triangulation_data_structure_2<CGAL::Triangulation_vertex_base_2<CGAL::Epick, CGAL::Triangulation_ds_vertex_base_2<void> >, CGAL::Triangulation_ds_face_base_2<void> > >::Infinite_tester>(CGAL::Filter_iterator<CGAL::internal::CC_iterator<CGAL::Compact_container<CGAL::Triangulation_vertex_base_2<CGAL::Epick, CGAL::Triangulation_ds_vertex_base_2<CGAL::Triangulation_data_structure_2<CGAL::Triangulation_vertex_base_2<CGAL::Epick, CGAL::Triangulation_ds_vertex_base_2<void> >, CGAL::Triangulation_ds_face_base_2<void> > > >, CGAL::Default, CGAL::Default, CGAL::Default>, false>, CGAL::Triangulation_2<CGAL::Epick, CGAL::Triangulation_data_structure_2<CGAL::Triangulation_vertex_base_2<CGAL::Epick, CGAL::Triangulation_ds_vertex_base_2<void> >, CGAL::Triangulation_ds_face_base_2<void> > >::Infinite_tester> const&, CGAL::Filter_iterator<CGAL::internal::CC_iterator<CGAL::Compact_container<CGAL::Triangulation_vertex_base_2<CGAL::Epick, CGAL::Triangulation_ds_vertex_base_2<CGAL::Triangulation_data_structure_2<CGAL::Triangulation_vertex_base_2<CGAL::Epick, CGAL::Triangulation_ds_vertex_base_2<void> >, CGAL::Triangulation_ds_face_base_2<void> > > >, CGAL::Default, CGAL::Default, CGAL::Default>, false>, CGAL::Triangulation_2<CGAL::Epick, CGAL::Triangulation_data_structure_2<CGAL::Triangulation_vertex_base_2<CGAL::Epick, CGAL::Triangulation_ds_vertex_base_2<void> >, CGAL::Triangulation_ds_face_base_2<void> > >::Infinite_tester> const&)':
/usr/local/include/CGAL/iterator.h:585: undefined reference to `CGAL::precondition_fail(char const*, char const*, int, char const*)'
./src/stage.o: In function `CGAL::Triangulation_ds_face_circulator_2<CGAL::Triangulation_data_structure_2<CGAL::Triangulation_vertex_base_2<CGAL::Epick, CGAL::Triangulation_ds_vertex_base_2<void> >, CGAL::Triangulation_ds_face_base_2<void> > >::operator++()':
/usr/local/include/CGAL/Triangulation_ds_circulators_2.h:290: undefined reference to `CGAL::precondition_fail(char const*, char const*, int, char const*)'
./src/stage.o: In function `CGAL::Triangulation_ds_face_base_2<CGAL::Triangulation_data_structure_2<CGAL::Triangulation_vertex_base_2<CGAL::Epick, CGAL::Triangulation_ds_vertex_base_2<void> >, CGAL::Triangulation_ds_face_base_2<void> > >::index(CGAL::internal::CC_iterator<CGAL::Compact_container<CGAL::Triangulation_ds_face_base_2<CGAL::Triangulation_data_structure_2<CGAL::Triangulation_vertex_base_2<CGAL::Epick, CGAL::Triangulation_ds_vertex_base_2<void> >, CGAL::Triangulation_ds_face_base_2<void> > >, CGAL::Default, CGAL::Default, CGAL::Default>, false>) const':
/usr/local/include/CGAL/Triangulation_ds_face_base_2.h:224: undefined reference to `CGAL::assertion_fail(char const*, char const*, int, char const*)'
./src/stage.o: In function `CGAL::Triangulation_data_structure_2<CGAL::Triangulation_vertex_base_2<CGAL::Epick, CGAL::Triangulation_ds_vertex_base_2<void> >, CGAL::Triangulation_ds_face_base_2<void> >::flip(CGAL::internal::CC_iterator<CGAL::Compact_container<CGAL::Triangulation_ds_face_base_2<CGAL::Triangulation_data_structure_2<CGAL::Triangulation_vertex_base_2<CGAL::Epick, CGAL::Triangulation_ds_vertex_base_2<void> >, CGAL::Triangulation_ds_face_base_2<void> > >, CGAL::Default, CGAL::Default, CGAL::Default>, false>, int)':
/usr/local/include/CGAL/Triangulation_data_structure_2.h:759: undefined reference to `CGAL::precondition_fail(char const*, char const*, int, char const*)'
./src/stage.o: In function `CGAL::Triangulation_ds_face_circulator_2<CGAL::Triangulation_data_structure_2<CGAL::Triangulation_vertex_base_2<CGAL::Epick, CGAL::Triangulation_ds_vertex_base_2<void> >, CGAL::Triangulation_ds_face_base_2<void> > >::operator--(int)':
/usr/local/include/CGAL/Triangulation_ds_circulators_2.h:326: undefined reference to `CGAL::precondition_fail(char const*, char const*, int, char const*)'
./src/stage.o: In function `CGAL::Triangulation_ds_face_circulator_2<CGAL::Triangulation_data_structure_2<CGAL::Triangulation_vertex_base_2<CGAL::Epick, CGAL::Triangulation_ds_vertex_base_2<void> >, CGAL::Triangulation_ds_face_base_2<void> > >::operator->() const':
/usr/local/include/CGAL/Triangulation_ds_circulators_2.h:96: undefined reference to `CGAL::precondition_fail(char const*, char const*, int, char const*)'
./src/stage.o: In function `CGAL::Triangulation_ds_face_circulator_2<CGAL::Triangulation_data_structure_2<CGAL::Triangulation_vertex_base_2<CGAL::Epick, CGAL::Triangulation_ds_vertex_base_2<void> >, CGAL::Triangulation_ds_face_base_2<void> > >::operator++(int)':
/usr/local/include/CGAL/Triangulation_ds_circulators_2.h:302: undefined reference to `CGAL::precondition_fail(char const*, char const*, int, char const*)'
./src/stage.o: In function `CGAL::Compact_container<CGAL::Triangulation_vertex_base_2<CGAL::Epick, CGAL::Triangulation_ds_vertex_base_2<CGAL::Triangulation_data_structure_2<CGAL::Triangulation_vertex_base_2<CGAL::Epick, CGAL::Triangulation_ds_vertex_base_2<void> >, CGAL::Triangulation_ds_face_base_2<void> > > >, CGAL::Default, CGAL::Default, CGAL::Default>::insert(CGAL::Triangulation_vertex_base_2<CGAL::Epick, CGAL::Triangulation_ds_vertex_base_2<CGAL::Triangulation_data_structure_2<CGAL::Triangulation_vertex_base_2<CGAL::Epick, CGAL::Triangulation_ds_vertex_base_2<void> >, CGAL::Triangulation_ds_face_base_2<void> > > > const&)':
/usr/local/include/CGAL/Compact_container.h:562: undefined reference to `CGAL::assertion_fail(char const*, char const*, int, char const*)'
./src/stage.o: In function `CGAL::internal::CC_iterator<CGAL::Compact_container<CGAL::Triangulation_ds_face_base_2<CGAL::Triangulation_data_structure_2<CGAL::Triangulation_vertex_base_2<CGAL::Epick, CGAL::Triangulation_ds_vertex_base_2<void> >, CGAL::Triangulation_ds_face_base_2<void> > >, CGAL::Default, CGAL::Default, CGAL::Default>, false> CGAL::Compact_container<CGAL::Triangulation_ds_face_base_2<CGAL::Triangulation_data_structure_2<CGAL::Triangulation_vertex_base_2<CGAL::Epick, CGAL::Triangulation_ds_vertex_base_2<void> >, CGAL::Triangulation_ds_face_base_2<void> > >, CGAL::Default, CGAL::Default, CGAL::Default>::emplace<CGAL::internal::CC_iterator<CGAL::Compact_container<CGAL::Triangulation_vertex_base_2<CGAL::Epick, CGAL::Triangulation_ds_vertex_base_2<CGAL::Triangulation_data_structure_2<CGAL::Triangulation_vertex_base_2<CGAL::Epick, CGAL::Triangulation_ds_vertex_base_2<void> >, CGAL::Triangulation_ds_face_base_2<void> > > >, CGAL::Default, CGAL::Default, CGAL::Default>, false>, CGAL::internal::CC_iterator<CGAL::Compact_container<CGAL::Triangulation_vertex_base_2<CGAL::Epick, CGAL::Triangulation_ds_vertex_base_2<CGAL::Triangulation_data_structure_2<CGAL::Triangulation_vertex_base_2<CGAL::Epick, CGAL::Triangulation_ds_vertex_base_2<void> >, CGAL::Triangulation_ds_face_base_2<void> > > >, CGAL::Default, CGAL::Default, CGAL::Default>, false>, CGAL::internal::CC_iterator<CGAL::Compact_container<CGAL::Triangulation_vertex_base_2<CGAL::Epick, CGAL::Triangulation_ds_vertex_base_2<CGAL::Triangulation_data_structure_2<CGAL::Triangulation_vertex_base_2<CGAL::Epick, CGAL::Triangulation_ds_vertex_base_2<void> >, CGAL::Triangulation_ds_face_base_2<void> > > >, CGAL::Default, CGAL::Default, CGAL::Default>, false> >(CGAL::internal::CC_iterator<CGAL::Compact_container<CGAL::Triangulation_vertex_base_2<CGAL::Epick, CGAL::Triangulation_ds_vertex_base_2<CGAL::Triangulation_data_structure_2<CGAL::Triangulation_vertex_base_2<CGAL::Epick, CGAL::Triangulation_ds_vertex_base_2<void> >, CGAL::Triangulation_ds_face_base_2<void> > > >, CGAL::Default, CGAL::Default, CGAL::Default>, false> const&, CGAL::internal::CC_iterator<CGAL::Compact_container<CGAL::Triangulation_vertex_base_2<CGAL::Epick, CGAL::Triangulation_ds_vertex_base_2<CGAL::Triangulation_data_structure_2<CGAL::Triangulation_vertex_base_2<CGAL::Epick, CGAL::Triangulation_ds_vertex_base_2<void> >, CGAL::Triangulation_ds_face_base_2<void> > > >, CGAL::Default, CGAL::Default, CGAL::Default>, false> const&, CGAL::internal::CC_iterator<CGAL::Compact_container<CGAL::Triangulation_vertex_base_2<CGAL::Epick, CGAL::Triangulation_ds_vertex_base_2<CGAL::Triangulation_data_structure_2<CGAL::Triangulation_vertex_base_2<CGAL::Epick, CGAL::Triangulation_ds_vertex_base_2<void> >, CGAL::Triangulation_ds_face_base_2<void> > > >, CGAL::Default, CGAL::Default, CGAL::Default>, false> const&)':
/usr/local/include/CGAL/Compact_container.h:460: undefined reference to `CGAL::assertion_fail(char const*, char const*, int, char const*)'
./src/stage.o: In function `CGAL::internal::CC_iterator<CGAL::Compact_container<CGAL::Triangulation_ds_face_base_2<CGAL::Triangulation_data_structure_2<CGAL::Triangulation_vertex_base_2<CGAL::Epick, CGAL::Triangulation_ds_vertex_base_2<void> >, CGAL::Triangulation_ds_face_base_2<void> > >, CGAL::Default, CGAL::Default, CGAL::Default>, false>::increment()':
/usr/local/include/CGAL/Compact_container.h:1032: undefined reference to `CGAL::assertion_fail(char const*, char const*, int, char const*)'
/usr/local/include/CGAL/Compact_container.h:1034: undefined reference to `CGAL::assertion_fail(char const*, char const*, int, char const*)'
./src/stage.o: In function `CGAL::Triangulation_ds_face_base_2<CGAL::Triangulation_data_structure_2<CGAL::Triangulation_vertex_base_2<CGAL::Epick, CGAL::Triangulation_ds_vertex_base_2<void> >, CGAL::Triangulation_ds_face_base_2<void> > >::set_neighbors(CGAL::internal::CC_iterator<CGAL::Compact_container<CGAL::Triangulation_ds_face_base_2<CGAL::Triangulation_data_structure_2<CGAL::Triangulation_vertex_base_2<CGAL::Epick, CGAL::Triangulation_ds_vertex_base_2<void> >, CGAL::Triangulation_ds_face_base_2<void> > >, CGAL::Default, CGAL::Default, CGAL::Default>, false>, CGAL::internal::CC_iterator<CGAL::Compact_container<CGAL::Triangulation_ds_face_base_2<CGAL::Triangulation_data_structure_2<CGAL::Triangulation_vertex_base_2<CGAL::Epick, CGAL::Triangulation_ds_vertex_base_2<void> >, CGAL::Triangulation_ds_face_base_2<void> > >, CGAL::Default, CGAL::Default, CGAL::Default>, false>, CGAL::internal::CC_iterator<CGAL::Compact_container<CGAL::Triangulation_ds_face_base_2<CGAL::Triangulation_data_structure_2<CGAL::Triangulation_vertex_base_2<CGAL::Epick, CGAL::Triangulation_ds_vertex_base_2<void> >, CGAL::Triangulation_ds_face_base_2<void> > >, CGAL::Default, CGAL::Default, CGAL::Default>, false>)':
/usr/local/include/CGAL/Triangulation_ds_face_base_2.h:278: undefined reference to `CGAL::precondition_fail(char const*, char const*, int, char const*)'
/usr/local/include/CGAL/Triangulation_ds_face_base_2.h:279: undefined reference to `CGAL::precondition_fail(char const*, char const*, int, char const*)'
/usr/local/include/CGAL/Triangulation_ds_face_base_2.h:280: undefined reference to `CGAL::precondition_fail(char const*, char const*, int, char const*)'
./src/stage.o: In function `CGAL::Compact_container<CGAL::Triangulation_ds_face_base_2<CGAL::Triangulation_data_structure_2<CGAL::Triangulation_vertex_base_2<CGAL::Epick, CGAL::Triangulation_ds_vertex_base_2<void> >, CGAL::Triangulation_ds_face_base_2<void> > >, CGAL::Default, CGAL::Default, CGAL::Default>::erase(CGAL::internal::CC_iterator<CGAL::Compact_container<CGAL::Triangulation_ds_face_base_2<CGAL::Triangulation_data_structure_2<CGAL::Triangulation_vertex_base_2<CGAL::Epick, CGAL::Triangulation_ds_vertex_base_2<void> >, CGAL::Triangulation_ds_face_base_2<void> > >, CGAL::Default, CGAL::Default, CGAL::Default>, false>)':
/usr/local/include/CGAL/Compact_container.h:587: undefined reference to `CGAL::precondition_fail(char const*, char const*, int, char const*)'
./src/stage.o: In function `CGAL::internal::CC_iterator<CGAL::Compact_container<CGAL::Triangulation_vertex_base_2<CGAL::Epick, CGAL::Triangulation_ds_vertex_base_2<CGAL::Triangulation_data_structure_2<CGAL::Triangulation_vertex_base_2<CGAL::Epick, CGAL::Triangulation_ds_vertex_base_2<void> >, CGAL::Triangulation_ds_face_base_2<void> > > >, CGAL::Default, CGAL::Default, CGAL::Default>, false>::increment()':
/usr/local/include/CGAL/Compact_container.h:1032: undefined reference to `CGAL::assertion_fail(char const*, char const*, int, char const*)'
/usr/local/include/CGAL/Compact_container.h:1034: undefined reference to `CGAL::assertion_fail(char const*, char const*, int, char const*)'
./src/stage.o: In function `CGAL::Compact_container<CGAL::Triangulation_ds_face_base_2<CGAL::Triangulation_data_structure_2<CGAL::Triangulation_vertex_base_2<CGAL::Epick, CGAL::Triangulation_ds_vertex_base_2<void> >, CGAL::Triangulation_ds_face_base_2<void> > >, CGAL::Default, CGAL::Default, CGAL::Default>::insert(CGAL::Triangulation_ds_face_base_2<CGAL::Triangulation_data_structure_2<CGAL::Triangulation_vertex_base_2<CGAL::Epick, CGAL::Triangulation_ds_vertex_base_2<void> >, CGAL::Triangulation_ds_face_base_2<void> > > const&)':
/usr/local/include/CGAL/Compact_container.h:562: undefined reference to `CGAL::assertion_fail(char const*, char const*, int, char const*)'
./src/stage.o: In function `CGAL::Triangulation_ds_edge_iterator_2<CGAL::Triangulation_data_structure_2<CGAL::Triangulation_vertex_base_2<CGAL::Epick, CGAL::Triangulation_ds_vertex_base_2<void> >, CGAL::Triangulation_ds_face_base_2<void> >, true>::increment()':
/usr/local/include/CGAL/Triangulation_ds_iterators_2.h:119: undefined reference to `CGAL::precondition_fail(char const*, char const*, int, char const*)'
./src/stage.o: In function `CGAL::Triangulation_ds_vertex_circulator_2<CGAL::Triangulation_data_structure_2<CGAL::Triangulation_vertex_base_2<CGAL::Epick, CGAL::Triangulation_ds_vertex_base_2<void> >, CGAL::Triangulation_ds_face_base_2<void> > >::Triangulation_ds_vertex_circulator_2(CGAL::internal::CC_iterator<CGAL::Compact_container<CGAL::Triangulation_vertex_base_2<CGAL::Epick, CGAL::Triangulation_ds_vertex_base_2<CGAL::Triangulation_data_structure_2<CGAL::Triangulation_vertex_base_2<CGAL::Epick, CGAL::Triangulation_ds_vertex_base_2<void> >, CGAL::Triangulation_ds_face_base_2<void> > > >, CGAL::Default, CGAL::Default, CGAL::Default>, false>, CGAL::internal::CC_iterator<CGAL::Compact_container<CGAL::Triangulation_ds_face_base_2<CGAL::Triangulation_data_structure_2<CGAL::Triangulation_vertex_base_2<CGAL::Epick, CGAL::Triangulation_ds_vertex_base_2<void> >, CGAL::Triangulation_ds_face_base_2<void> > >, CGAL::Default, CGAL::Default, CGAL::Default>, false>)':
/usr/local/include/CGAL/Triangulation_ds_circulators_2.h:388: undefined reference to `CGAL::assertion_fail(char const*, char const*, int, char const*)'
./src/stage.o: In function `bool CGAL::operator==<CGAL::Triangulation_ds_edge_iterator_2<CGAL::Triangulation_data_structure_2<CGAL::Triangulation_vertex_base_2<CGAL::Epick, CGAL::Triangulation_ds_vertex_base_2<void> >, CGAL::Triangulation_ds_face_base_2<void> >, true>, CGAL::Triangulation_2<CGAL::Epick, CGAL::Triangulation_data_structure_2<CGAL::Triangulation_vertex_base_2<CGAL::Epick, CGAL::Triangulation_ds_vertex_base_2<void> >, CGAL::Triangulation_ds_face_base_2<void> > >::Infinite_tester>(CGAL::Filter_iterator<CGAL::Triangulation_ds_edge_iterator_2<CGAL::Triangulation_data_structure_2<CGAL::Triangulation_vertex_base_2<CGAL::Epick, CGAL::Triangulation_ds_vertex_base_2<void> >, CGAL::Triangulation_ds_face_base_2<void> >, true>, CGAL::Triangulation_2<CGAL::Epick, CGAL::Triangulation_data_structure_2<CGAL::Triangulation_vertex_base_2<CGAL::Epick, CGAL::Triangulation_ds_vertex_base_2<void> >, CGAL::Triangulation_ds_face_base_2<void> > >::Infinite_tester> const&, CGAL::Filter_iterator<CGAL::Triangulation_ds_edge_iterator_2<CGAL::Triangulation_data_structure_2<CGAL::Triangulation_vertex_base_2<CGAL::Epick, CGAL::Triangulation_ds_vertex_base_2<void> >, CGAL::Triangulation_ds_face_base_2<void> >, true>, CGAL::Triangulation_2<CGAL::Epick, CGAL::Triangulation_data_structure_2<CGAL::Triangulation_vertex_base_2<CGAL::Epick, CGAL::Triangulation_ds_vertex_base_2<void> >, CGAL::Triangulation_ds_face_base_2<void> > >::Infinite_tester> const&)':
/usr/local/include/CGAL/iterator.h:585: undefined reference to `CGAL::precondition_fail(char const*, char const*, int, char const*)'
./src/stage.o: In function `CGAL::Triangulation_2<CGAL::Epick, CGAL::Triangulation_data_structure_2<CGAL::Triangulation_vertex_base_2<CGAL::Epick, CGAL::Triangulation_ds_vertex_base_2<void> >, CGAL::Triangulation_ds_face_base_2<void> > >::bounded_side(CGAL::Point_2<CGAL::Epick> const&, CGAL::Point_2<CGAL::Epick> const&, CGAL::Point_2<CGAL::Epick> const&, CGAL::Point_2<CGAL::Epick> const&) const':
/usr/local/include/CGAL/Triangulation_2.h:3292: undefined reference to `CGAL::precondition_fail(char const*, char const*, int, char const*)'
./src/stage.o: In function `CGAL::internal::CC_iterator<CGAL::Compact_container<CGAL::Triangulation_ds_face_base_2<CGAL::Triangulation_data_structure_2<CGAL::Triangulation_vertex_base_2<CGAL::Epick, CGAL::Triangulation_ds_vertex_base_2<void> >, CGAL::Triangulation_ds_face_base_2<void> > >, CGAL::Default, CGAL::Default, CGAL::Default>, false> CGAL::Compact_container<CGAL::Triangulation_ds_face_base_2<CGAL::Triangulation_data_structure_2<CGAL::Triangulation_vertex_base_2<CGAL::Epick, CGAL::Triangulation_ds_vertex_base_2<void> >, CGAL::Triangulation_ds_face_base_2<void> > >, CGAL::Default, CGAL::Default, CGAL::Default>::emplace<CGAL::internal::CC_iterator<CGAL::Compact_container<CGAL::Triangulation_vertex_base_2<CGAL::Epick, CGAL::Triangulation_ds_vertex_base_2<CGAL::Triangulation_data_structure_2<CGAL::Triangulation_vertex_base_2<CGAL::Epick, CGAL::Triangulation_ds_vertex_base_2<void> >, CGAL::Triangulation_ds_face_base_2<void> > > >, CGAL::Default, CGAL::Default, CGAL::Default>, false>, CGAL::internal::CC_iterator<CGAL::Compact_container<CGAL::Triangulation_vertex_base_2<CGAL::Epick, CGAL::Triangulation_ds_vertex_base_2<CGAL::Triangulation_data_structure_2<CGAL::Triangulation_vertex_base_2<CGAL::Epick, CGAL::Triangulation_ds_vertex_base_2<void> >, CGAL::Triangulation_ds_face_base_2<void> > > >, CGAL::Default, CGAL::Default, CGAL::Default>, false>, CGAL::internal::CC_iterator<CGAL::Compact_container<CGAL::Triangulation_vertex_base_2<CGAL::Epick, CGAL::Triangulation_ds_vertex_base_2<CGAL::Triangulation_data_structure_2<CGAL::Triangulation_vertex_base_2<CGAL::Epick, CGAL::Triangulation_ds_vertex_base_2<void> >, CGAL::Triangulation_ds_face_base_2<void> > > >, CGAL::Default, CGAL::Default, CGAL::Default>, false>, CGAL::internal::CC_iterator<CGAL::Compact_container<CGAL::Triangulation_ds_face_base_2<CGAL::Triangulation_data_structure_2<CGAL::Triangulation_vertex_base_2<CGAL::Epick, CGAL::Triangulation_ds_vertex_base_2<void> >, CGAL::Triangulation_ds_face_base_2<void> > >, CGAL::Default, CGAL::Default, CGAL::Default>, false>, CGAL::internal::CC_iterator<CGAL::Compact_container<CGAL::Triangulation_ds_face_base_2<CGAL::Triangulation_data_structure_2<CGAL::Triangulation_vertex_base_2<CGAL::Epick, CGAL::Triangulation_ds_vertex_base_2<void> >, CGAL::Triangulation_ds_face_base_2<void> > >, CGAL::Default, CGAL::Default, CGAL::Default>, false>, CGAL::internal::CC_iterator<CGAL::Compact_container<CGAL::Triangulation_ds_face_base_2<CGAL::Triangulation_data_structure_2<CGAL::Triangulation_vertex_base_2<CGAL::Epick, CGAL::Triangulation_ds_vertex_base_2<void> >, CGAL::Triangulation_ds_face_base_2<void> > >, CGAL::Default, CGAL::Default, CGAL::Default>, false> >(CGAL::internal::CC_iterator<CGAL::Compact_container<CGAL::Triangulation_vertex_base_2<CGAL::Epick, CGAL::Triangulation_ds_vertex_base_2<CGAL::Triangulation_data_structure_2<CGAL::Triangulation_vertex_base_2<CGAL::Epick, CGAL::Triangulation_ds_vertex_base_2<void> >, CGAL::Triangulation_ds_face_base_2<void> > > >, CGAL::Default, CGAL::Default, CGAL::Default>, false> const&, CGAL::internal::CC_iterator<CGAL::Compact_container<CGAL::Triangulation_vertex_base_2<CGAL::Epick, CGAL::Triangulation_ds_vertex_base_2<CGAL::Triangulation_data_structure_2<CGAL::Triangulation_vertex_base_2<CGAL::Epick, CGAL::Triangulation_ds_vertex_base_2<void> >, CGAL::Triangulation_ds_face_base_2<void> > > >, CGAL::Default, CGAL::Default, CGAL::Default>, false> const&, CGAL::internal::CC_iterator<CGAL::Compact_container<CGAL::Triangulation_vertex_base_2<CGAL::Epick, CGAL::Triangulation_ds_vertex_base_2<CGAL::Triangulation_data_structure_2<CGAL::Triangulation_vertex_base_2<CGAL::Epick, CGAL::Triangulation_ds_vertex_base_2<void> >, CGAL::Triangulation_ds_face_base_2<void> > > >, CGAL::Default, CGAL::Default, CGAL::Default>, false> const&, CGAL::internal::CC_iterator<CGAL::Compact_container<CGAL::Triangulation_ds_face_base_2<CGAL::Triangulation_data_structure_2<CGAL::Triangulation_vertex_base_2<CGAL::Epick, CGAL::Triangulation_ds_vertex_base_2<void> >, CGAL::Triangulation_ds_face_base_2<void> > >, CGAL::Default, CGAL::Default, CGAL::Default>, false> const&, CGAL::internal::CC_iterator<CGAL::Compact_container<CGAL::Triangulation_ds_face_base_2<CGAL::Triangulation_data_structure_2<CGAL::Triangulation_vertex_base_2<CGAL::Epick, CGAL::Triangulation_ds_vertex_base_2<void> >, CGAL::Triangulation_ds_face_base_2<void> > >, CGAL::Default, CGAL::Default, CGAL::Default>, false> const&, CGAL::internal::CC_iterator<CGAL::Compact_container<CGAL::Triangulation_ds_face_base_2<CGAL::Triangulation_data_structure_2<CGAL::Triangulation_vertex_base_2<CGAL::Epick, CGAL::Triangulation_ds_vertex_base_2<void> >, CGAL::Triangulation_ds_face_base_2<void> > >, CGAL::Default, CGAL::Default, CGAL::Default>, false> const&)':
/usr/local/include/CGAL/Compact_container.h:511: undefined reference to `CGAL::assertion_fail(char const*, char const*, int, char const*)'
./src/stage.o: In function `CGAL::Triangulation_ds_face_circulator_2<CGAL::Triangulation_data_structure_2<CGAL::Triangulation_vertex_base_2<CGAL::Epick, CGAL::Triangulation_ds_vertex_base_2<void> >, CGAL::Triangulation_ds_face_base_2<void> > >::operator--()':
/usr/local/include/CGAL/Triangulation_ds_circulators_2.h:314: undefined reference to `CGAL::precondition_fail(char const*, char const*, int, char const*)'
./src/stage.o: In function `CGAL::Sign CGAL::get_certain<CGAL::Sign>(CGAL::Uncertain<CGAL::Sign>)':
/usr/local/include/CGAL/Uncertain.h:205: undefined reference to `CGAL::assertion_fail(char const*, char const*, int, char const*)'
./src/stage.o: In function `CGAL::Triangulation_ds_face_circulator_2<CGAL::Triangulation_data_structure_2<CGAL::Triangulation_vertex_base_2<CGAL::Epick, CGAL::Triangulation_ds_vertex_base_2<void> >, CGAL::Triangulation_ds_face_base_2<void> > >::Triangulation_ds_face_circulator_2(CGAL::internal::CC_iterator<CGAL::Compact_container<CGAL::Triangulation_vertex_base_2<CGAL::Epick, CGAL::Triangulation_ds_vertex_base_2<CGAL::Triangulation_data_structure_2<CGAL::Triangulation_vertex_base_2<CGAL::Epick, CGAL::Triangulation_ds_vertex_base_2<void> >, CGAL::Triangulation_ds_face_base_2<void> > > >, CGAL::Default, CGAL::Default, CGAL::Default>, false>, CGAL::internal::CC_iterator<CGAL::Compact_container<CGAL::Triangulation_ds_face_base_2<CGAL::Triangulation_data_structure_2<CGAL::Triangulation_vertex_base_2<CGAL::Epick, CGAL::Triangulation_ds_vertex_base_2<void> >, CGAL::Triangulation_ds_face_base_2<void> > >, CGAL::Default, CGAL::Default, CGAL::Default>, false>)':
/usr/local/include/CGAL/Triangulation_ds_circulators_2.h:270: undefined reference to `CGAL::precondition_fail(char const*, char const*, int, char const*)'
./src/stage.o: In function `CGAL::Uncertain<CGAL::Sign>::Uncertain(CGAL::Sign, CGAL::Sign)':
/usr/local/include/CGAL/Uncertain.h:103: undefined reference to `CGAL::precondition_fail(char const*, char const*, int, char const*)'
collect2: error: ld returned 1 exit status
make: *** [stage] Error 1
